Not Found: /
Not Found: /public/admin/css/base.css
Not Found: /public/admin/css/responsive.css
Not Found: /public/admin/css/nav_sidebar.css
Not Found: /public/admin/css/login.css
Not Found: /public/admin/js/nav_sidebar.js
Internal Server Error: /admin/user_profile/profile/
Traceback (most recent call last):
  File "/home/vmjsoftw/virtualenv/nakdipayapp.vmjsoftware.in/3.7/lib/python3.7/site-packages/django/db/backends/utils.py", line 84, in _execute
    return self.cursor.execute(sql, params)
  File "/home/vmjsoftw/virtualenv/nakdipayapp.vmjsoftware.in/3.7/lib/python3.7/site-packages/django/db/backends/sqlite3/base.py", line 423, in execute
    return Database.Cursor.execute(self, query, params)
sqlite3.OperationalError: no such table: user_profile_profile

The above exception was the direct cause of the following exception:

Traceback (most recent call last):
  File "/home/vmjsoftw/virtualenv/nakdipayapp.vmjsoftware.in/3.7/lib/python3.7/site-packages/django/core/handlers/exception.py", line 47, in inner
    response = get_response(request)
  File "/home/vmjsoftw/virtualenv/nakdipayapp.vmjsoftware.in/3.7/lib/python3.7/site-packages/django/core/handlers/base.py", line 181, in _get_response
    response = wrapped_callback(request, *callback_args, **callback_kwargs)
  File "/home/vmjsoftw/virtualenv/nakdipayapp.vmjsoftware.in/3.7/lib/python3.7/site-packages/django/contrib/admin/options.py", line 616, in wrapper
    return self.admin_site.admin_view(view)(*args, **kwargs)
  File "/home/vmjsoftw/virtualenv/nakdipayapp.vmjsoftware.in/3.7/lib/python3.7/site-packages/django/utils/decorators.py", line 130, in _wrapped_view
    response = view_func(request, *args, **kwargs)
  File "/home/vmjsoftw/virtualenv/nakdipayapp.vmjsoftware.in/3.7/lib/python3.7/site-packages/django/views/decorators/cache.py", line 44, in _wrapped_view_func
    response = view_func(request, *args, **kwargs)
  File "/home/vmjsoftw/virtualenv/nakdipayapp.vmjsoftware.in/3.7/lib/python3.7/site-packages/django/contrib/admin/sites.py", line 232, in inner
    return view(request, *args, **kwargs)
  File "/home/vmjsoftw/virtualenv/nakdipayapp.vmjsoftware.in/3.7/lib/python3.7/site-packages/django/utils/decorators.py", line 43, in _wrapper
    return bound_method(*args, **kwargs)
  File "/home/vmjsoftw/virtualenv/nakdipayapp.vmjsoftware.in/3.7/lib/python3.7/site-packages/django/utils/decorators.py", line 130, in _wrapped_view
    response = view_func(request, *args, **kwargs)
  File "/home/vmjsoftw/virtualenv/nakdipayapp.vmjsoftware.in/3.7/lib/python3.7/site-packages/django/contrib/admin/options.py", line 1697, in changelist_view
    cl = self.get_changelist_instance(request)
  File "/home/vmjsoftw/virtualenv/nakdipayapp.vmjsoftware.in/3.7/lib/python3.7/site-packages/django/contrib/admin/options.py", line 749, in get_changelist_instance
    sortable_by,
  File "/home/vmjsoftw/virtualenv/nakdipayapp.vmjsoftware.in/3.7/lib/python3.7/site-packages/django/contrib/admin/views/main.py", line 100, in __init__
    self.get_results(request)
  File "/home/vmjsoftw/virtualenv/nakdipayapp.vmjsoftware.in/3.7/lib/python3.7/site-packages/django/contrib/admin/views/main.py", line 235, in get_results
    result_count = paginator.count
  File "/home/vmjsoftw/virtualenv/nakdipayapp.vmjsoftware.in/3.7/lib/python3.7/site-packages/django/utils/functional.py", line 48, in __get__
    res = instance.__dict__[self.name] = self.func(instance)
  File "/home/vmjsoftw/virtualenv/nakdipayapp.vmjsoftware.in/3.7/lib/python3.7/site-packages/django/core/paginator.py", line 97, in count
    return c()
  File "/home/vmjsoftw/virtualenv/nakdipayapp.vmjsoftware.in/3.7/lib/python3.7/site-packages/django/db/models/query.py", line 412, in count
    return self.query.get_count(using=self.db)
  File "/home/vmjsoftw/virtualenv/nakdipayapp.vmjsoftware.in/3.7/lib/python3.7/site-packages/django/db/models/sql/query.py", line 519, in get_count
    number = obj.get_aggregation(using, ['__count'])['__count']
  File "/home/vmjsoftw/virtualenv/nakdipayapp.vmjsoftware.in/3.7/lib/python3.7/site-packages/django/db/models/sql/query.py", line 504, in get_aggregation
    result = compiler.execute_sql(SINGLE)
  File "/home/vmjsoftw/virtualenv/nakdipayapp.vmjsoftware.in/3.7/lib/python3.7/site-packages/django/db/models/sql/compiler.py", line 1175, in execute_sql
    cursor.execute(sql, params)
  File "/home/vmjsoftw/virtualenv/nakdipayapp.vmjsoftware.in/3.7/lib/python3.7/site-packages/django/db/backends/utils.py", line 98, in execute
    return super().execute(sql, params)
  File "/home/vmjsoftw/virtualenv/nakdipayapp.vmjsoftware.in/3.7/lib/python3.7/site-packages/django/db/backends/utils.py", line 66, in execute
    return self._execute_with_wrappers(sql, params, many=False, executor=self._execute)
  File "/home/vmjsoftw/virtualenv/nakdipayapp.vmjsoftware.in/3.7/lib/python3.7/site-packages/django/db/backends/utils.py", line 75, in _execute_with_wrappers
    return executor(sql, params, many, context)
  File "/home/vmjsoftw/virtualenv/nakdipayapp.vmjsoftware.in/3.7/lib/python3.7/site-packages/django/db/backends/utils.py", line 84, in _execute
    return self.cursor.execute(sql, params)
  File "/home/vmjsoftw/virtualenv/nakdipayapp.vmjsoftware.in/3.7/lib/python3.7/site-packages/django/db/utils.py", line 90, in __exit__
    raise dj_exc_value.with_traceback(traceback) from exc_value
  File "/home/vmjsoftw/virtualenv/nakdipayapp.vmjsoftware.in/3.7/lib/python3.7/site-packages/django/db/backends/utils.py", line 84, in _execute
    return self.cursor.execute(sql, params)
  File "/home/vmjsoftw/virtualenv/nakdipayapp.vmjsoftware.in/3.7/lib/python3.7/site-packages/django/db/backends/sqlite3/base.py", line 423, in execute
    return Database.Cursor.execute(self, query, params)
django.db.utils.OperationalError: no such table: user_profile_profile
Not Found: /favicon.ico
Not Found: /favicon.ico
Not Found: /robots.txt
Not Found: /robots.txt
Not Found: /favicon.ico
Internal Server Error: /admin/poultry_products/product/
Traceback (most recent call last):
  File "/home/vmjsoftw/virtualenv/nakdipayapp.vmjsoftware.in/3.7/lib/python3.7/site-packages/django/db/backends/utils.py", line 84, in _execute
    return self.cursor.execute(sql, params)
  File "/home/vmjsoftw/virtualenv/nakdipayapp.vmjsoftware.in/3.7/lib/python3.7/site-packages/django/db/backends/sqlite3/base.py", line 423, in execute
    return Database.Cursor.execute(self, query, params)
sqlite3.OperationalError: no such table: poultry_products_productname

The above exception was the direct cause of the following exception:

Traceback (most recent call last):
  File "/home/vmjsoftw/virtualenv/nakdipayapp.vmjsoftware.in/3.7/lib/python3.7/site-packages/django/core/handlers/exception.py", line 47, in inner
    response = get_response(request)
  File "/home/vmjsoftw/virtualenv/nakdipayapp.vmjsoftware.in/3.7/lib/python3.7/site-packages/django/core/handlers/base.py", line 181, in _get_response
    response = wrapped_callback(request, *callback_args, **callback_kwargs)
  File "/home/vmjsoftw/virtualenv/nakdipayapp.vmjsoftware.in/3.7/lib/python3.7/site-packages/django/contrib/admin/options.py", line 616, in wrapper
    return self.admin_site.admin_view(view)(*args, **kwargs)
  File "/home/vmjsoftw/virtualenv/nakdipayapp.vmjsoftware.in/3.7/lib/python3.7/site-packages/django/utils/decorators.py", line 130, in _wrapped_view
    response = view_func(request, *args, **kwargs)
  File "/home/vmjsoftw/virtualenv/nakdipayapp.vmjsoftware.in/3.7/lib/python3.7/site-packages/django/views/decorators/cache.py", line 44, in _wrapped_view_func
    response = view_func(request, *args, **kwargs)
  File "/home/vmjsoftw/virtualenv/nakdipayapp.vmjsoftware.in/3.7/lib/python3.7/site-packages/django/contrib/admin/sites.py", line 232, in inner
    return view(request, *args, **kwargs)
  File "/home/vmjsoftw/virtualenv/nakdipayapp.vmjsoftware.in/3.7/lib/python3.7/site-packages/django/utils/decorators.py", line 43, in _wrapper
    return bound_method(*args, **kwargs)
  File "/home/vmjsoftw/virtualenv/nakdipayapp.vmjsoftware.in/3.7/lib/python3.7/site-packages/django/utils/decorators.py", line 130, in _wrapped_view
    response = view_func(request, *args, **kwargs)
  File "/home/vmjsoftw/virtualenv/nakdipayapp.vmjsoftware.in/3.7/lib/python3.7/site-packages/django/contrib/admin/options.py", line 1697, in changelist_view
    cl = self.get_changelist_instance(request)
  File "/home/vmjsoftw/virtualenv/nakdipayapp.vmjsoftware.in/3.7/lib/python3.7/site-packages/django/contrib/admin/options.py", line 749, in get_changelist_instance
    sortable_by,
  File "/home/vmjsoftw/virtualenv/nakdipayapp.vmjsoftware.in/3.7/lib/python3.7/site-packages/django/contrib/admin/views/main.py", line 99, in __init__
    self.queryset = self.get_queryset(request)
  File "/home/vmjsoftw/virtualenv/nakdipayapp.vmjsoftware.in/3.7/lib/python3.7/site-packages/django/contrib/admin/views/main.py", line 450, in get_queryset
    ) = self.get_filters(request)
  File "/home/vmjsoftw/virtualenv/nakdipayapp.vmjsoftware.in/3.7/lib/python3.7/site-packages/django/contrib/admin/views/main.py", line 154, in get_filters
    self.model, self.model_admin, field_path=field_path,
  File "/home/vmjsoftw/virtualenv/nakdipayapp.vmjsoftware.in/3.7/lib/python3.7/site-packages/django/contrib/admin/filters.py", line 159, in create
    return list_filter_class(field, request, params, model, model_admin, field_path=field_path)
  File "/home/vmjsoftw/virtualenv/nakdipayapp.vmjsoftware.in/3.7/lib/python3.7/site-packages/django/contrib/admin/filters.py", line 170, in __init__
    self.lookup_choices = self.field_choices(field, request, model_admin)
  File "/home/vmjsoftw/virtualenv/nakdipayapp.vmjsoftware.in/3.7/lib/python3.7/site-packages/django/contrib/admin/filters.py", line 207, in field_choices
    return field.get_choices(include_blank=False, ordering=ordering)
  File "/home/vmjsoftw/virtualenv/nakdipayapp.vmjsoftware.in/3.7/lib/python3.7/site-packages/django/db/models/fields/__init__.py", line 886, in get_choices
    (choice_func(x), str(x)) for x in qs
  File "/home/vmjsoftw/virtualenv/nakdipayapp.vmjsoftware.in/3.7/lib/python3.7/site-packages/django/db/models/query.py", line 280, in __iter__
    self._fetch_all()
  File "/home/vmjsoftw/virtualenv/nakdipayapp.vmjsoftware.in/3.7/lib/python3.7/site-packages/django/db/models/query.py", line 1324, in _fetch_all
    self._result_cache = list(self._iterable_class(self))
  File "/home/vmjsoftw/virtualenv/nakdipayapp.vmjsoftware.in/3.7/lib/python3.7/site-packages/django/db/models/query.py", line 51, in __iter__
    results = compiler.execute_sql(chunked_fetch=self.chunked_fetch, chunk_size=self.chunk_size)
  File "/home/vmjsoftw/virtualenv/nakdipayapp.vmjsoftware.in/3.7/lib/python3.7/site-packages/django/db/models/sql/compiler.py", line 1175, in execute_sql
    cursor.execute(sql, params)
  File "/home/vmjsoftw/virtualenv/nakdipayapp.vmjsoftware.in/3.7/lib/python3.7/site-packages/django/db/backends/utils.py", line 98, in execute
    return super().execute(sql, params)
  File "/home/vmjsoftw/virtualenv/nakdipayapp.vmjsoftware.in/3.7/lib/python3.7/site-packages/django/db/backends/utils.py", line 66, in execute
    return self._execute_with_wrappers(sql, params, many=False, executor=self._execute)
  File "/home/vmjsoftw/virtualenv/nakdipayapp.vmjsoftware.in/3.7/lib/python3.7/site-packages/django/db/backends/utils.py", line 75, in _execute_with_wrappers
    return executor(sql, params, many, context)
  File "/home/vmjsoftw/virtualenv/nakdipayapp.vmjsoftware.in/3.7/lib/python3.7/site-packages/django/db/backends/utils.py", line 84, in _execute
    return self.cursor.execute(sql, params)
  File "/home/vmjsoftw/virtualenv/nakdipayapp.vmjsoftware.in/3.7/lib/python3.7/site-packages/django/db/utils.py", line 90, in __exit__
    raise dj_exc_value.with_traceback(traceback) from exc_value
  File "/home/vmjsoftw/virtualenv/nakdipayapp.vmjsoftware.in/3.7/lib/python3.7/site-packages/django/db/backends/utils.py", line 84, in _execute
    return self.cursor.execute(sql, params)
  File "/home/vmjsoftw/virtualenv/nakdipayapp.vmjsoftware.in/3.7/lib/python3.7/site-packages/django/db/backends/sqlite3/base.py", line 423, in execute
    return Database.Cursor.execute(self, query, params)
django.db.utils.OperationalError: no such table: poultry_products_productname
Internal Server Error: /admin/poultry_products/governorate/
Traceback (most recent call last):
  File "/home/vmjsoftw/virtualenv/nakdipayapp.vmjsoftware.in/3.7/lib/python3.7/site-packages/django/db/backends/utils.py", line 84, in _execute
    return self.cursor.execute(sql, params)
  File "/home/vmjsoftw/virtualenv/nakdipayapp.vmjsoftware.in/3.7/lib/python3.7/site-packages/django/db/backends/sqlite3/base.py", line 423, in execute
    return Database.Cursor.execute(self, query, params)
sqlite3.OperationalError: no such table: equipment_productequipment

The above exception was the direct cause of the following exception:

Traceback (most recent call last):
  File "/home/vmjsoftw/virtualenv/nakdipayapp.vmjsoftware.in/3.7/lib/python3.7/site-packages/django/core/handlers/exception.py", line 47, in inner
    response = get_response(request)
  File "/home/vmjsoftw/virtualenv/nakdipayapp.vmjsoftware.in/3.7/lib/python3.7/site-packages/django/core/handlers/base.py", line 181, in _get_response
    response = wrapped_callback(request, *callback_args, **callback_kwargs)
  File "/home/vmjsoftw/virtualenv/nakdipayapp.vmjsoftware.in/3.7/lib/python3.7/site-packages/django/contrib/admin/options.py", line 616, in wrapper
    return self.admin_site.admin_view(view)(*args, **kwargs)
  File "/home/vmjsoftw/virtualenv/nakdipayapp.vmjsoftware.in/3.7/lib/python3.7/site-packages/django/utils/decorators.py", line 130, in _wrapped_view
    response = view_func(request, *args, **kwargs)
  File "/home/vmjsoftw/virtualenv/nakdipayapp.vmjsoftware.in/3.7/lib/python3.7/site-packages/django/views/decorators/cache.py", line 44, in _wrapped_view_func
    response = view_func(request, *args, **kwargs)
  File "/home/vmjsoftw/virtualenv/nakdipayapp.vmjsoftware.in/3.7/lib/python3.7/site-packages/django/contrib/admin/sites.py", line 232, in inner
    return view(request, *args, **kwargs)
  File "/home/vmjsoftw/virtualenv/nakdipayapp.vmjsoftware.in/3.7/lib/python3.7/site-packages/django/utils/decorators.py", line 43, in _wrapper
    return bound_method(*args, **kwargs)
  File "/home/vmjsoftw/virtualenv/nakdipayapp.vmjsoftware.in/3.7/lib/python3.7/site-packages/django/utils/decorators.py", line 130, in _wrapped_view
    response = view_func(request, *args, **kwargs)
  File "/home/vmjsoftw/virtualenv/nakdipayapp.vmjsoftware.in/3.7/lib/python3.7/site-packages/django/contrib/admin/options.py", line 1697, in changelist_view
    cl = self.get_changelist_instance(request)
  File "/home/vmjsoftw/virtualenv/nakdipayapp.vmjsoftware.in/3.7/lib/python3.7/site-packages/django/contrib/admin/options.py", line 749, in get_changelist_instance
    sortable_by,
  File "/home/vmjsoftw/virtualenv/nakdipayapp.vmjsoftware.in/3.7/lib/python3.7/site-packages/django/contrib/admin/views/main.py", line 99, in __init__
    self.queryset = self.get_queryset(request)
  File "/home/vmjsoftw/virtualenv/nakdipayapp.vmjsoftware.in/3.7/lib/python3.7/site-packages/django/contrib/admin/views/main.py", line 450, in get_queryset
    ) = self.get_filters(request)
  File "/home/vmjsoftw/virtualenv/nakdipayapp.vmjsoftware.in/3.7/lib/python3.7/site-packages/django/contrib/admin/views/main.py", line 154, in get_filters
    self.model, self.model_admin, field_path=field_path,
  File "/home/vmjsoftw/virtualenv/nakdipayapp.vmjsoftware.in/3.7/lib/python3.7/site-packages/django/contrib/admin/filters.py", line 159, in create
    return list_filter_class(field, request, params, model, model_admin, field_path=field_path)
  File "/home/vmjsoftw/virtualenv/nakdipayapp.vmjsoftware.in/3.7/lib/python3.7/site-packages/django/contrib/admin/filters.py", line 170, in __init__
    self.lookup_choices = self.field_choices(field, request, model_admin)
  File "/home/vmjsoftw/virtualenv/nakdipayapp.vmjsoftware.in/3.7/lib/python3.7/site-packages/django/contrib/admin/filters.py", line 207, in field_choices
    return field.get_choices(include_blank=False, ordering=ordering)
  File "/home/vmjsoftw/virtualenv/nakdipayapp.vmjsoftware.in/3.7/lib/python3.7/site-packages/django/db/models/fields/reverse_related.py", line 157, in get_choices
    (x.pk, str(x)) for x in qs
  File "/home/vmjsoftw/virtualenv/nakdipayapp.vmjsoftware.in/3.7/lib/python3.7/site-packages/django/db/models/query.py", line 280, in __iter__
    self._fetch_all()
  File "/home/vmjsoftw/virtualenv/nakdipayapp.vmjsoftware.in/3.7/lib/python3.7/site-packages/django/db/models/query.py", line 1324, in _fetch_all
    self._result_cache = list(self._iterable_class(self))
  File "/home/vmjsoftw/virtualenv/nakdipayapp.vmjsoftware.in/3.7/lib/python3.7/site-packages/django/db/models/query.py", line 51, in __iter__
    results = compiler.execute_sql(chunked_fetch=self.chunked_fetch, chunk_size=self.chunk_size)
  File "/home/vmjsoftw/virtualenv/nakdipayapp.vmjsoftware.in/3.7/lib/python3.7/site-packages/django/db/models/sql/compiler.py", line 1175, in execute_sql
    cursor.execute(sql, params)
  File "/home/vmjsoftw/virtualenv/nakdipayapp.vmjsoftware.in/3.7/lib/python3.7/site-packages/django/db/backends/utils.py", line 98, in execute
    return super().execute(sql, params)
  File "/home/vmjsoftw/virtualenv/nakdipayapp.vmjsoftware.in/3.7/lib/python3.7/site-packages/django/db/backends/utils.py", line 66, in execute
    return self._execute_with_wrappers(sql, params, many=False, executor=self._execute)
  File "/home/vmjsoftw/virtualenv/nakdipayapp.vmjsoftware.in/3.7/lib/python3.7/site-packages/django/db/backends/utils.py", line 75, in _execute_with_wrappers
    return executor(sql, params, many, context)
  File "/home/vmjsoftw/virtualenv/nakdipayapp.vmjsoftware.in/3.7/lib/python3.7/site-packages/django/db/backends/utils.py", line 84, in _execute
    return self.cursor.execute(sql, params)
  File "/home/vmjsoftw/virtualenv/nakdipayapp.vmjsoftware.in/3.7/lib/python3.7/site-packages/django/db/utils.py", line 90, in __exit__
    raise dj_exc_value.with_traceback(traceback) from exc_value
  File "/home/vmjsoftw/virtualenv/nakdipayapp.vmjsoftware.in/3.7/lib/python3.7/site-packages/django/db/backends/utils.py", line 84, in _execute
    return self.cursor.execute(sql, params)
  File "/home/vmjsoftw/virtualenv/nakdipayapp.vmjsoftware.in/3.7/lib/python3.7/site-packages/django/db/backends/sqlite3/base.py", line 423, in execute
    return Database.Cursor.execute(self, query, params)
django.db.utils.OperationalError: no such table: equipment_productequipment
Internal Server Error: /admin/poultry_products/productname/
Traceback (most recent call last):
  File "/home/vmjsoftw/virtualenv/nakdipayapp.vmjsoftware.in/3.7/lib/python3.7/site-packages/django/db/backends/utils.py", line 84, in _execute
    return self.cursor.execute(sql, params)
  File "/home/vmjsoftw/virtualenv/nakdipayapp.vmjsoftware.in/3.7/lib/python3.7/site-packages/django/db/backends/sqlite3/base.py", line 423, in execute
    return Database.Cursor.execute(self, query, params)
sqlite3.OperationalError: no such table: poultry_products_product

The above exception was the direct cause of the following exception:

Traceback (most recent call last):
  File "/home/vmjsoftw/virtualenv/nakdipayapp.vmjsoftware.in/3.7/lib/python3.7/site-packages/django/core/handlers/exception.py", line 47, in inner
    response = get_response(request)
  File "/home/vmjsoftw/virtualenv/nakdipayapp.vmjsoftware.in/3.7/lib/python3.7/site-packages/django/core/handlers/base.py", line 181, in _get_response
    response = wrapped_callback(request, *callback_args, **callback_kwargs)
  File "/home/vmjsoftw/virtualenv/nakdipayapp.vmjsoftware.in/3.7/lib/python3.7/site-packages/django/contrib/admin/options.py", line 616, in wrapper
    return self.admin_site.admin_view(view)(*args, **kwargs)
  File "/home/vmjsoftw/virtualenv/nakdipayapp.vmjsoftware.in/3.7/lib/python3.7/site-packages/django/utils/decorators.py", line 130, in _wrapped_view
    response = view_func(request, *args, **kwargs)
  File "/home/vmjsoftw/virtualenv/nakdipayapp.vmjsoftware.in/3.7/lib/python3.7/site-packages/django/views/decorators/cache.py", line 44, in _wrapped_view_func
    response = view_func(request, *args, **kwargs)
  File "/home/vmjsoftw/virtualenv/nakdipayapp.vmjsoftware.in/3.7/lib/python3.7/site-packages/django/contrib/admin/sites.py", line 232, in inner
    return view(request, *args, **kwargs)
  File "/home/vmjsoftw/virtualenv/nakdipayapp.vmjsoftware.in/3.7/lib/python3.7/site-packages/django/utils/decorators.py", line 43, in _wrapper
    return bound_method(*args, **kwargs)
  File "/home/vmjsoftw/virtualenv/nakdipayapp.vmjsoftware.in/3.7/lib/python3.7/site-packages/django/utils/decorators.py", line 130, in _wrapped_view
    response = view_func(request, *args, **kwargs)
  File "/home/vmjsoftw/virtualenv/nakdipayapp.vmjsoftware.in/3.7/lib/python3.7/site-packages/django/contrib/admin/options.py", line 1697, in changelist_view
    cl = self.get_changelist_instance(request)
  File "/home/vmjsoftw/virtualenv/nakdipayapp.vmjsoftware.in/3.7/lib/python3.7/site-packages/django/contrib/admin/options.py", line 749, in get_changelist_instance
    sortable_by,
  File "/home/vmjsoftw/virtualenv/nakdipayapp.vmjsoftware.in/3.7/lib/python3.7/site-packages/django/contrib/admin/views/main.py", line 99, in __init__
    self.queryset = self.get_queryset(request)
  File "/home/vmjsoftw/virtualenv/nakdipayapp.vmjsoftware.in/3.7/lib/python3.7/site-packages/django/contrib/admin/views/main.py", line 450, in get_queryset
    ) = self.get_filters(request)
  File "/home/vmjsoftw/virtualenv/nakdipayapp.vmjsoftware.in/3.7/lib/python3.7/site-packages/django/contrib/admin/views/main.py", line 154, in get_filters
    self.model, self.model_admin, field_path=field_path,
  File "/home/vmjsoftw/virtualenv/nakdipayapp.vmjsoftware.in/3.7/lib/python3.7/site-packages/django/contrib/admin/filters.py", line 159, in create
    return list_filter_class(field, request, params, model, model_admin, field_path=field_path)
  File "/home/vmjsoftw/virtualenv/nakdipayapp.vmjsoftware.in/3.7/lib/python3.7/site-packages/django/contrib/admin/filters.py", line 170, in __init__
    self.lookup_choices = self.field_choices(field, request, model_admin)
  File "/home/vmjsoftw/virtualenv/nakdipayapp.vmjsoftware.in/3.7/lib/python3.7/site-packages/django/contrib/admin/filters.py", line 207, in field_choices
    return field.get_choices(include_blank=False, ordering=ordering)
  File "/home/vmjsoftw/virtualenv/nakdipayapp.vmjsoftware.in/3.7/lib/python3.7/site-packages/django/db/models/fields/reverse_related.py", line 157, in get_choices
    (x.pk, str(x)) for x in qs
  File "/home/vmjsoftw/virtualenv/nakdipayapp.vmjsoftware.in/3.7/lib/python3.7/site-packages/django/db/models/query.py", line 280, in __iter__
    self._fetch_all()
  File "/home/vmjsoftw/virtualenv/nakdipayapp.vmjsoftware.in/3.7/lib/python3.7/site-packages/django/db/models/query.py", line 1324, in _fetch_all
    self._result_cache = list(self._iterable_class(self))
  File "/home/vmjsoftw/virtualenv/nakdipayapp.vmjsoftware.in/3.7/lib/python3.7/site-packages/django/db/models/query.py", line 51, in __iter__
    results = compiler.execute_sql(chunked_fetch=self.chunked_fetch, chunk_size=self.chunk_size)
  File "/home/vmjsoftw/virtualenv/nakdipayapp.vmjsoftware.in/3.7/lib/python3.7/site-packages/django/db/models/sql/compiler.py", line 1175, in execute_sql
    cursor.execute(sql, params)
  File "/home/vmjsoftw/virtualenv/nakdipayapp.vmjsoftware.in/3.7/lib/python3.7/site-packages/django/db/backends/utils.py", line 98, in execute
    return super().execute(sql, params)
  File "/home/vmjsoftw/virtualenv/nakdipayapp.vmjsoftware.in/3.7/lib/python3.7/site-packages/django/db/backends/utils.py", line 66, in execute
    return self._execute_with_wrappers(sql, params, many=False, executor=self._execute)
  File "/home/vmjsoftw/virtualenv/nakdipayapp.vmjsoftware.in/3.7/lib/python3.7/site-packages/django/db/backends/utils.py", line 75, in _execute_with_wrappers
    return executor(sql, params, many, context)
  File "/home/vmjsoftw/virtualenv/nakdipayapp.vmjsoftware.in/3.7/lib/python3.7/site-packages/django/db/backends/utils.py", line 84, in _execute
    return self.cursor.execute(sql, params)
  File "/home/vmjsoftw/virtualenv/nakdipayapp.vmjsoftware.in/3.7/lib/python3.7/site-packages/django/db/utils.py", line 90, in __exit__
    raise dj_exc_value.with_traceback(traceback) from exc_value
  File "/home/vmjsoftw/virtualenv/nakdipayapp.vmjsoftware.in/3.7/lib/python3.7/site-packages/django/db/backends/utils.py", line 84, in _execute
    return self.cursor.execute(sql, params)
  File "/home/vmjsoftw/virtualenv/nakdipayapp.vmjsoftware.in/3.7/lib/python3.7/site-packages/django/db/backends/sqlite3/base.py", line 423, in execute
    return Database.Cursor.execute(self, query, params)
django.db.utils.OperationalError: no such table: poultry_products_product
Internal Server Error: /admin/equipment/productequipment/
Traceback (most recent call last):
  File "/home/vmjsoftw/virtualenv/nakdipayapp.vmjsoftware.in/3.7/lib/python3.7/site-packages/django/db/backends/utils.py", line 84, in _execute
    return self.cursor.execute(sql, params)
  File "/home/vmjsoftw/virtualenv/nakdipayapp.vmjsoftware.in/3.7/lib/python3.7/site-packages/django/db/backends/sqlite3/base.py", line 423, in execute
    return Database.Cursor.execute(self, query, params)
sqlite3.OperationalError: no such table: poultry_products_governorate

The above exception was the direct cause of the following exception:

Traceback (most recent call last):
  File "/home/vmjsoftw/virtualenv/nakdipayapp.vmjsoftware.in/3.7/lib/python3.7/site-packages/django/core/handlers/exception.py", line 47, in inner
    response = get_response(request)
  File "/home/vmjsoftw/virtualenv/nakdipayapp.vmjsoftware.in/3.7/lib/python3.7/site-packages/django/core/handlers/base.py", line 181, in _get_response
    response = wrapped_callback(request, *callback_args, **callback_kwargs)
  File "/home/vmjsoftw/virtualenv/nakdipayapp.vmjsoftware.in/3.7/lib/python3.7/site-packages/django/contrib/admin/options.py", line 616, in wrapper
    return self.admin_site.admin_view(view)(*args, **kwargs)
  File "/home/vmjsoftw/virtualenv/nakdipayapp.vmjsoftware.in/3.7/lib/python3.7/site-packages/django/utils/decorators.py", line 130, in _wrapped_view
    response = view_func(request, *args, **kwargs)
  File "/home/vmjsoftw/virtualenv/nakdipayapp.vmjsoftware.in/3.7/lib/python3.7/site-packages/django/views/decorators/cache.py", line 44, in _wrapped_view_func
    response = view_func(request, *args, **kwargs)
  File "/home/vmjsoftw/virtualenv/nakdipayapp.vmjsoftware.in/3.7/lib/python3.7/site-packages/django/contrib/admin/sites.py", line 232, in inner
    return view(request, *args, **kwargs)
  File "/home/vmjsoftw/virtualenv/nakdipayapp.vmjsoftware.in/3.7/lib/python3.7/site-packages/django/utils/decorators.py", line 43, in _wrapper
    return bound_method(*args, **kwargs)
  File "/home/vmjsoftw/virtualenv/nakdipayapp.vmjsoftware.in/3.7/lib/python3.7/site-packages/django/utils/decorators.py", line 130, in _wrapped_view
    response = view_func(request, *args, **kwargs)
  File "/home/vmjsoftw/virtualenv/nakdipayapp.vmjsoftware.in/3.7/lib/python3.7/site-packages/django/contrib/admin/options.py", line 1697, in changelist_view
    cl = self.get_changelist_instance(request)
  File "/home/vmjsoftw/virtualenv/nakdipayapp.vmjsoftware.in/3.7/lib/python3.7/site-packages/django/contrib/admin/options.py", line 749, in get_changelist_instance
    sortable_by,
  File "/home/vmjsoftw/virtualenv/nakdipayapp.vmjsoftware.in/3.7/lib/python3.7/site-packages/django/contrib/admin/views/main.py", line 99, in __init__
    self.queryset = self.get_queryset(request)
  File "/home/vmjsoftw/virtualenv/nakdipayapp.vmjsoftware.in/3.7/lib/python3.7/site-packages/django/contrib/admin/views/main.py", line 450, in get_queryset
    ) = self.get_filters(request)
  File "/home/vmjsoftw/virtualenv/nakdipayapp.vmjsoftware.in/3.7/lib/python3.7/site-packages/django/contrib/admin/views/main.py", line 154, in get_filters
    self.model, self.model_admin, field_path=field_path,
  File "/home/vmjsoftw/virtualenv/nakdipayapp.vmjsoftware.in/3.7/lib/python3.7/site-packages/django/contrib/admin/filters.py", line 159, in create
    return list_filter_class(field, request, params, model, model_admin, field_path=field_path)
  File "/home/vmjsoftw/virtualenv/nakdipayapp.vmjsoftware.in/3.7/lib/python3.7/site-packages/django/contrib/admin/filters.py", line 170, in __init__
    self.lookup_choices = self.field_choices(field, request, model_admin)
  File "/home/vmjsoftw/virtualenv/nakdipayapp.vmjsoftware.in/3.7/lib/python3.7/site-packages/django/contrib/admin/filters.py", line 207, in field_choices
    return field.get_choices(include_blank=False, ordering=ordering)
  File "/home/vmjsoftw/virtualenv/nakdipayapp.vmjsoftware.in/3.7/lib/python3.7/site-packages/django/db/models/fields/__init__.py", line 886, in get_choices
    (choice_func(x), str(x)) for x in qs
  File "/home/vmjsoftw/virtualenv/nakdipayapp.vmjsoftware.in/3.7/lib/python3.7/site-packages/django/db/models/query.py", line 280, in __iter__
    self._fetch_all()
  File "/home/vmjsoftw/virtualenv/nakdipayapp.vmjsoftware.in/3.7/lib/python3.7/site-packages/django/db/models/query.py", line 1324, in _fetch_all
    self._result_cache = list(self._iterable_class(self))
  File "/home/vmjsoftw/virtualenv/nakdipayapp.vmjsoftware.in/3.7/lib/python3.7/site-packages/django/db/models/query.py", line 51, in __iter__
    results = compiler.execute_sql(chunked_fetch=self.chunked_fetch, chunk_size=self.chunk_size)
  File "/home/vmjsoftw/virtualenv/nakdipayapp.vmjsoftware.in/3.7/lib/python3.7/site-packages/django/db/models/sql/compiler.py", line 1175, in execute_sql
    cursor.execute(sql, params)
  File "/home/vmjsoftw/virtualenv/nakdipayapp.vmjsoftware.in/3.7/lib/python3.7/site-packages/django/db/backends/utils.py", line 98, in execute
    return super().execute(sql, params)
  File "/home/vmjsoftw/virtualenv/nakdipayapp.vmjsoftware.in/3.7/lib/python3.7/site-packages/django/db/backends/utils.py", line 66, in execute
    return self._execute_with_wrappers(sql, params, many=False, executor=self._execute)
  File "/home/vmjsoftw/virtualenv/nakdipayapp.vmjsoftware.in/3.7/lib/python3.7/site-packages/django/db/backends/utils.py", line 75, in _execute_with_wrappers
    return executor(sql, params, many, context)
  File "/home/vmjsoftw/virtualenv/nakdipayapp.vmjsoftware.in/3.7/lib/python3.7/site-packages/django/db/backends/utils.py", line 84, in _execute
    return self.cursor.execute(sql, params)
  File "/home/vmjsoftw/virtualenv/nakdipayapp.vmjsoftware.in/3.7/lib/python3.7/site-packages/django/db/utils.py", line 90, in __exit__
    raise dj_exc_value.with_traceback(traceback) from exc_value
  File "/home/vmjsoftw/virtualenv/nakdipayapp.vmjsoftware.in/3.7/lib/python3.7/site-packages/django/db/backends/utils.py", line 84, in _execute
    return self.cursor.execute(sql, params)
  File "/home/vmjsoftw/virtualenv/nakdipayapp.vmjsoftware.in/3.7/lib/python3.7/site-packages/django/db/backends/sqlite3/base.py", line 423, in execute
    return Database.Cursor.execute(self, query, params)
django.db.utils.OperationalError: no such table: poultry_products_governorate
Internal Server Error: /admin/feed/productfeed/
Traceback (most recent call last):
  File "/home/vmjsoftw/virtualenv/nakdipayapp.vmjsoftware.in/3.7/lib/python3.7/site-packages/django/db/backends/utils.py", line 84, in _execute
    return self.cursor.execute(sql, params)
  File "/home/vmjsoftw/virtualenv/nakdipayapp.vmjsoftware.in/3.7/lib/python3.7/site-packages/django/db/backends/sqlite3/base.py", line 423, in execute
    return Database.Cursor.execute(self, query, params)
sqlite3.OperationalError: no such table: feed_productfeed

The above exception was the direct cause of the following exception:

Traceback (most recent call last):
  File "/home/vmjsoftw/virtualenv/nakdipayapp.vmjsoftware.in/3.7/lib/python3.7/site-packages/django/core/handlers/exception.py", line 47, in inner
    response = get_response(request)
  File "/home/vmjsoftw/virtualenv/nakdipayapp.vmjsoftware.in/3.7/lib/python3.7/site-packages/django/core/handlers/base.py", line 181, in _get_response
    response = wrapped_callback(request, *callback_args, **callback_kwargs)
  File "/home/vmjsoftw/virtualenv/nakdipayapp.vmjsoftware.in/3.7/lib/python3.7/site-packages/django/contrib/admin/options.py", line 616, in wrapper
    return self.admin_site.admin_view(view)(*args, **kwargs)
  File "/home/vmjsoftw/virtualenv/nakdipayapp.vmjsoftware.in/3.7/lib/python3.7/site-packages/django/utils/decorators.py", line 130, in _wrapped_view
    response = view_func(request, *args, **kwargs)
  File "/home/vmjsoftw/virtualenv/nakdipayapp.vmjsoftware.in/3.7/lib/python3.7/site-packages/django/views/decorators/cache.py", line 44, in _wrapped_view_func
    response = view_func(request, *args, **kwargs)
  File "/home/vmjsoftw/virtualenv/nakdipayapp.vmjsoftware.in/3.7/lib/python3.7/site-packages/django/contrib/admin/sites.py", line 232, in inner
    return view(request, *args, **kwargs)
  File "/home/vmjsoftw/virtualenv/nakdipayapp.vmjsoftware.in/3.7/lib/python3.7/site-packages/django/utils/decorators.py", line 43, in _wrapper
    return bound_method(*args, **kwargs)
  File "/home/vmjsoftw/virtualenv/nakdipayapp.vmjsoftware.in/3.7/lib/python3.7/site-packages/django/utils/decorators.py", line 130, in _wrapped_view
    response = view_func(request, *args, **kwargs)
  File "/home/vmjsoftw/virtualenv/nakdipayapp.vmjsoftware.in/3.7/lib/python3.7/site-packages/django/contrib/admin/options.py", line 1697, in changelist_view
    cl = self.get_changelist_instance(request)
  File "/home/vmjsoftw/virtualenv/nakdipayapp.vmjsoftware.in/3.7/lib/python3.7/site-packages/django/contrib/admin/options.py", line 749, in get_changelist_instance
    sortable_by,
  File "/home/vmjsoftw/virtualenv/nakdipayapp.vmjsoftware.in/3.7/lib/python3.7/site-packages/django/contrib/admin/views/main.py", line 100, in __init__
    self.get_results(request)
  File "/home/vmjsoftw/virtualenv/nakdipayapp.vmjsoftware.in/3.7/lib/python3.7/site-packages/django/contrib/admin/views/main.py", line 235, in get_results
    result_count = paginator.count
  File "/home/vmjsoftw/virtualenv/nakdipayapp.vmjsoftware.in/3.7/lib/python3.7/site-packages/django/utils/functional.py", line 48, in __get__
    res = instance.__dict__[self.name] = self.func(instance)
  File "/home/vmjsoftw/virtualenv/nakdipayapp.vmjsoftware.in/3.7/lib/python3.7/site-packages/django/core/paginator.py", line 97, in count
    return c()
  File "/home/vmjsoftw/virtualenv/nakdipayapp.vmjsoftware.in/3.7/lib/python3.7/site-packages/django/db/models/query.py", line 412, in count
    return self.query.get_count(using=self.db)
  File "/home/vmjsoftw/virtualenv/nakdipayapp.vmjsoftware.in/3.7/lib/python3.7/site-packages/django/db/models/sql/query.py", line 519, in get_count
    number = obj.get_aggregation(using, ['__count'])['__count']
  File "/home/vmjsoftw/virtualenv/nakdipayapp.vmjsoftware.in/3.7/lib/python3.7/site-packages/django/db/models/sql/query.py", line 504, in get_aggregation
    result = compiler.execute_sql(SINGLE)
  File "/home/vmjsoftw/virtualenv/nakdipayapp.vmjsoftware.in/3.7/lib/python3.7/site-packages/django/db/models/sql/compiler.py", line 1175, in execute_sql
    cursor.execute(sql, params)
  File "/home/vmjsoftw/virtualenv/nakdipayapp.vmjsoftware.in/3.7/lib/python3.7/site-packages/django/db/backends/utils.py", line 98, in execute
    return super().execute(sql, params)
  File "/home/vmjsoftw/virtualenv/nakdipayapp.vmjsoftware.in/3.7/lib/python3.7/site-packages/django/db/backends/utils.py", line 66, in execute
    return self._execute_with_wrappers(sql, params, many=False, executor=self._execute)
  File "/home/vmjsoftw/virtualenv/nakdipayapp.vmjsoftware.in/3.7/lib/python3.7/site-packages/django/db/backends/utils.py", line 75, in _execute_with_wrappers
    return executor(sql, params, many, context)
  File "/home/vmjsoftw/virtualenv/nakdipayapp.vmjsoftware.in/3.7/lib/python3.7/site-packages/django/db/backends/utils.py", line 84, in _execute
    return self.cursor.execute(sql, params)
  File "/home/vmjsoftw/virtualenv/nakdipayapp.vmjsoftware.in/3.7/lib/python3.7/site-packages/django/db/utils.py", line 90, in __exit__
    raise dj_exc_value.with_traceback(traceback) from exc_value
  File "/home/vmjsoftw/virtualenv/nakdipayapp.vmjsoftware.in/3.7/lib/python3.7/site-packages/django/db/backends/utils.py", line 84, in _execute
    return self.cursor.execute(sql, params)
  File "/home/vmjsoftw/virtualenv/nakdipayapp.vmjsoftware.in/3.7/lib/python3.7/site-packages/django/db/backends/sqlite3/base.py", line 423, in execute
    return Database.Cursor.execute(self, query, params)
django.db.utils.OperationalError: no such table: feed_productfeed
Internal Server Error: /admin/equipment/productequipment/
Traceback (most recent call last):
  File "/home/vmjsoftw/virtualenv/nakdipayapp.vmjsoftware.in/3.7/lib/python3.7/site-packages/django/db/backends/utils.py", line 84, in _execute
    return self.cursor.execute(sql, params)
  File "/home/vmjsoftw/virtualenv/nakdipayapp.vmjsoftware.in/3.7/lib/python3.7/site-packages/django/db/backends/sqlite3/base.py", line 423, in execute
    return Database.Cursor.execute(self, query, params)
sqlite3.OperationalError: no such table: equipment_productequipment

The above exception was the direct cause of the following exception:

Traceback (most recent call last):
  File "/home/vmjsoftw/virtualenv/nakdipayapp.vmjsoftware.in/3.7/lib/python3.7/site-packages/django/core/handlers/exception.py", line 47, in inner
    response = get_response(request)
  File "/home/vmjsoftw/virtualenv/nakdipayapp.vmjsoftware.in/3.7/lib/python3.7/site-packages/django/core/handlers/base.py", line 181, in _get_response
    response = wrapped_callback(request, *callback_args, **callback_kwargs)
  File "/home/vmjsoftw/virtualenv/nakdipayapp.vmjsoftware.in/3.7/lib/python3.7/site-packages/django/contrib/admin/options.py", line 616, in wrapper
    return self.admin_site.admin_view(view)(*args, **kwargs)
  File "/home/vmjsoftw/virtualenv/nakdipayapp.vmjsoftware.in/3.7/lib/python3.7/site-packages/django/utils/decorators.py", line 130, in _wrapped_view
    response = view_func(request, *args, **kwargs)
  File "/home/vmjsoftw/virtualenv/nakdipayapp.vmjsoftware.in/3.7/lib/python3.7/site-packages/django/views/decorators/cache.py", line 44, in _wrapped_view_func
    response = view_func(request, *args, **kwargs)
  File "/home/vmjsoftw/virtualenv/nakdipayapp.vmjsoftware.in/3.7/lib/python3.7/site-packages/django/contrib/admin/sites.py", line 232, in inner
    return view(request, *args, **kwargs)
  File "/home/vmjsoftw/virtualenv/nakdipayapp.vmjsoftware.in/3.7/lib/python3.7/site-packages/django/utils/decorators.py", line 43, in _wrapper
    return bound_method(*args, **kwargs)
  File "/home/vmjsoftw/virtualenv/nakdipayapp.vmjsoftware.in/3.7/lib/python3.7/site-packages/django/utils/decorators.py", line 130, in _wrapped_view
    response = view_func(request, *args, **kwargs)
  File "/home/vmjsoftw/virtualenv/nakdipayapp.vmjsoftware.in/3.7/lib/python3.7/site-packages/django/contrib/admin/options.py", line 1697, in changelist_view
    cl = self.get_changelist_instance(request)
  File "/home/vmjsoftw/virtualenv/nakdipayapp.vmjsoftware.in/3.7/lib/python3.7/site-packages/django/contrib/admin/options.py", line 749, in get_changelist_instance
    sortable_by,
  File "/home/vmjsoftw/virtualenv/nakdipayapp.vmjsoftware.in/3.7/lib/python3.7/site-packages/django/contrib/admin/views/main.py", line 100, in __init__
    self.get_results(request)
  File "/home/vmjsoftw/virtualenv/nakdipayapp.vmjsoftware.in/3.7/lib/python3.7/site-packages/django/contrib/admin/views/main.py", line 235, in get_results
    result_count = paginator.count
  File "/home/vmjsoftw/virtualenv/nakdipayapp.vmjsoftware.in/3.7/lib/python3.7/site-packages/django/utils/functional.py", line 48, in __get__
    res = instance.__dict__[self.name] = self.func(instance)
  File "/home/vmjsoftw/virtualenv/nakdipayapp.vmjsoftware.in/3.7/lib/python3.7/site-packages/django/core/paginator.py", line 97, in count
    return c()
  File "/home/vmjsoftw/virtualenv/nakdipayapp.vmjsoftware.in/3.7/lib/python3.7/site-packages/django/db/models/query.py", line 412, in count
    return self.query.get_count(using=self.db)
  File "/home/vmjsoftw/virtualenv/nakdipayapp.vmjsoftware.in/3.7/lib/python3.7/site-packages/django/db/models/sql/query.py", line 519, in get_count
    number = obj.get_aggregation(using, ['__count'])['__count']
  File "/home/vmjsoftw/virtualenv/nakdipayapp.vmjsoftware.in/3.7/lib/python3.7/site-packages/django/db/models/sql/query.py", line 504, in get_aggregation
    result = compiler.execute_sql(SINGLE)
  File "/home/vmjsoftw/virtualenv/nakdipayapp.vmjsoftware.in/3.7/lib/python3.7/site-packages/django/db/models/sql/compiler.py", line 1175, in execute_sql
    cursor.execute(sql, params)
  File "/home/vmjsoftw/virtualenv/nakdipayapp.vmjsoftware.in/3.7/lib/python3.7/site-packages/django/db/backends/utils.py", line 98, in execute
    return super().execute(sql, params)
  File "/home/vmjsoftw/virtualenv/nakdipayapp.vmjsoftware.in/3.7/lib/python3.7/site-packages/django/db/backends/utils.py", line 66, in execute
    return self._execute_with_wrappers(sql, params, many=False, executor=self._execute)
  File "/home/vmjsoftw/virtualenv/nakdipayapp.vmjsoftware.in/3.7/lib/python3.7/site-packages/django/db/backends/utils.py", line 75, in _execute_with_wrappers
    return executor(sql, params, many, context)
  File "/home/vmjsoftw/virtualenv/nakdipayapp.vmjsoftware.in/3.7/lib/python3.7/site-packages/django/db/backends/utils.py", line 84, in _execute
    return self.cursor.execute(sql, params)
  File "/home/vmjsoftw/virtualenv/nakdipayapp.vmjsoftware.in/3.7/lib/python3.7/site-packages/django/db/utils.py", line 90, in __exit__
    raise dj_exc_value.with_traceback(traceback) from exc_value
  File "/home/vmjsoftw/virtualenv/nakdipayapp.vmjsoftware.in/3.7/lib/python3.7/site-packages/django/db/backends/utils.py", line 84, in _execute
    return self.cursor.execute(sql, params)
  File "/home/vmjsoftw/virtualenv/nakdipayapp.vmjsoftware.in/3.7/lib/python3.7/site-packages/django/db/backends/sqlite3/base.py", line 423, in execute
    return Database.Cursor.execute(self, query, params)
django.db.utils.OperationalError: no such table: equipment_productequipment
Internal Server Error: /admin/equipment/productequipment/
Traceback (most recent call last):
  File "/home/vmjsoftw/virtualenv/nakdipayapp.vmjsoftware.in/3.7/lib/python3.7/site-packages/django/db/backends/utils.py", line 84, in _execute
    return self.cursor.execute(sql, params)
  File "/home/vmjsoftw/virtualenv/nakdipayapp.vmjsoftware.in/3.7/lib/python3.7/site-packages/django/db/backends/sqlite3/base.py", line 423, in execute
    return Database.Cursor.execute(self, query, params)
sqlite3.OperationalError: no such table: equipment_productequipment

The above exception was the direct cause of the following exception:

Traceback (most recent call last):
  File "/home/vmjsoftw/virtualenv/nakdipayapp.vmjsoftware.in/3.7/lib/python3.7/site-packages/django/core/handlers/exception.py", line 47, in inner
    response = get_response(request)
  File "/home/vmjsoftw/virtualenv/nakdipayapp.vmjsoftware.in/3.7/lib/python3.7/site-packages/django/core/handlers/base.py", line 181, in _get_response
    response = wrapped_callback(request, *callback_args, **callback_kwargs)
  File "/home/vmjsoftw/virtualenv/nakdipayapp.vmjsoftware.in/3.7/lib/python3.7/site-packages/django/contrib/admin/options.py", line 616, in wrapper
    return self.admin_site.admin_view(view)(*args, **kwargs)
  File "/home/vmjsoftw/virtualenv/nakdipayapp.vmjsoftware.in/3.7/lib/python3.7/site-packages/django/utils/decorators.py", line 130, in _wrapped_view
    response = view_func(request, *args, **kwargs)
  File "/home/vmjsoftw/virtualenv/nakdipayapp.vmjsoftware.in/3.7/lib/python3.7/site-packages/django/views/decorators/cache.py", line 44, in _wrapped_view_func
    response = view_func(request, *args, **kwargs)
  File "/home/vmjsoftw/virtualenv/nakdipayapp.vmjsoftware.in/3.7/lib/python3.7/site-packages/django/contrib/admin/sites.py", line 232, in inner
    return view(request, *args, **kwargs)
  File "/home/vmjsoftw/virtualenv/nakdipayapp.vmjsoftware.in/3.7/lib/python3.7/site-packages/django/utils/decorators.py", line 43, in _wrapper
    return bound_method(*args, **kwargs)
  File "/home/vmjsoftw/virtualenv/nakdipayapp.vmjsoftware.in/3.7/lib/python3.7/site-packages/django/utils/decorators.py", line 130, in _wrapped_view
    response = view_func(request, *args, **kwargs)
  File "/home/vmjsoftw/virtualenv/nakdipayapp.vmjsoftware.in/3.7/lib/python3.7/site-packages/django/contrib/admin/options.py", line 1697, in changelist_view
    cl = self.get_changelist_instance(request)
  File "/home/vmjsoftw/virtualenv/nakdipayapp.vmjsoftware.in/3.7/lib/python3.7/site-packages/django/contrib/admin/options.py", line 749, in get_changelist_instance
    sortable_by,
  File "/home/vmjsoftw/virtualenv/nakdipayapp.vmjsoftware.in/3.7/lib/python3.7/site-packages/django/contrib/admin/views/main.py", line 100, in __init__
    self.get_results(request)
  File "/home/vmjsoftw/virtualenv/nakdipayapp.vmjsoftware.in/3.7/lib/python3.7/site-packages/django/contrib/admin/views/main.py", line 235, in get_results
    result_count = paginator.count
  File "/home/vmjsoftw/virtualenv/nakdipayapp.vmjsoftware.in/3.7/lib/python3.7/site-packages/django/utils/functional.py", line 48, in __get__
    res = instance.__dict__[self.name] = self.func(instance)
  File "/home/vmjsoftw/virtualenv/nakdipayapp.vmjsoftware.in/3.7/lib/python3.7/site-packages/django/core/paginator.py", line 97, in count
    return c()
  File "/home/vmjsoftw/virtualenv/nakdipayapp.vmjsoftware.in/3.7/lib/python3.7/site-packages/django/db/models/query.py", line 412, in count
    return self.query.get_count(using=self.db)
  File "/home/vmjsoftw/virtualenv/nakdipayapp.vmjsoftware.in/3.7/lib/python3.7/site-packages/django/db/models/sql/query.py", line 519, in get_count
    number = obj.get_aggregation(using, ['__count'])['__count']
  File "/home/vmjsoftw/virtualenv/nakdipayapp.vmjsoftware.in/3.7/lib/python3.7/site-packages/django/db/models/sql/query.py", line 504, in get_aggregation
    result = compiler.execute_sql(SINGLE)
  File "/home/vmjsoftw/virtualenv/nakdipayapp.vmjsoftware.in/3.7/lib/python3.7/site-packages/django/db/models/sql/compiler.py", line 1175, in execute_sql
    cursor.execute(sql, params)
  File "/home/vmjsoftw/virtualenv/nakdipayapp.vmjsoftware.in/3.7/lib/python3.7/site-packages/django/db/backends/utils.py", line 98, in execute
    return super().execute(sql, params)
  File "/home/vmjsoftw/virtualenv/nakdipayapp.vmjsoftware.in/3.7/lib/python3.7/site-packages/django/db/backends/utils.py", line 66, in execute
    return self._execute_with_wrappers(sql, params, many=False, executor=self._execute)
  File "/home/vmjsoftw/virtualenv/nakdipayapp.vmjsoftware.in/3.7/lib/python3.7/site-packages/django/db/backends/utils.py", line 75, in _execute_with_wrappers
    return executor(sql, params, many, context)
  File "/home/vmjsoftw/virtualenv/nakdipayapp.vmjsoftware.in/3.7/lib/python3.7/site-packages/django/db/backends/utils.py", line 84, in _execute
    return self.cursor.execute(sql, params)
  File "/home/vmjsoftw/virtualenv/nakdipayapp.vmjsoftware.in/3.7/lib/python3.7/site-packages/django/db/utils.py", line 90, in __exit__
    raise dj_exc_value.with_traceback(traceback) from exc_value
  File "/home/vmjsoftw/virtualenv/nakdipayapp.vmjsoftware.in/3.7/lib/python3.7/site-packages/django/db/backends/utils.py", line 84, in _execute
    return self.cursor.execute(sql, params)
  File "/home/vmjsoftw/virtualenv/nakdipayapp.vmjsoftware.in/3.7/lib/python3.7/site-packages/django/db/backends/sqlite3/base.py", line 423, in execute
    return Database.Cursor.execute(self, query, params)
django.db.utils.OperationalError: no such table: equipment_productequipment
Internal Server Error: /admin/poultry_products/governorate/
Traceback (most recent call last):
  File "/home/vmjsoftw/virtualenv/nakdipayapp.vmjsoftware.in/3.7/lib/python3.7/site-packages/django/contrib/admin/utils.py", line 319, in label_for_field
    field = _get_non_gfk_field(model._meta, name)
  File "/home/vmjsoftw/virtualenv/nakdipayapp.vmjsoftware.in/3.7/lib/python3.7/site-packages/django/contrib/admin/utils.py", line 300, in _get_non_gfk_field
    raise FieldDoesNotExist()
django.core.exceptions.FieldDoesNotExist

During handling of the above exception, another exception occurred:

Traceback (most recent call last):
  File "/home/vmjsoftw/virtualenv/nakdipayapp.vmjsoftware.in/3.7/lib/python3.7/site-packages/django/core/handlers/exception.py", line 47, in inner
    response = get_response(request)
  File "/home/vmjsoftw/virtualenv/nakdipayapp.vmjsoftware.in/3.7/lib/python3.7/site-packages/django/core/handlers/base.py", line 204, in _get_response
    response = response.render()
  File "/home/vmjsoftw/virtualenv/nakdipayapp.vmjsoftware.in/3.7/lib/python3.7/site-packages/django/template/response.py", line 105, in render
    self.content = self.rendered_content
  File "/home/vmjsoftw/virtualenv/nakdipayapp.vmjsoftware.in/3.7/lib/python3.7/site-packages/django/template/response.py", line 83, in rendered_content
    return template.render(context, self._request)
  File "/home/vmjsoftw/virtualenv/nakdipayapp.vmjsoftware.in/3.7/lib/python3.7/site-packages/django/template/backends/django.py", line 61, in render
    return self.template.render(context)
  File "/home/vmjsoftw/virtualenv/nakdipayapp.vmjsoftware.in/3.7/lib/python3.7/site-packages/django/template/base.py", line 170, in render
    return self._render(context)
  File "/home/vmjsoftw/virtualenv/nakdipayapp.vmjsoftware.in/3.7/lib/python3.7/site-packages/django/template/base.py", line 162, in _render
    return self.nodelist.render(context)
  File "/home/vmjsoftw/virtualenv/nakdipayapp.vmjsoftware.in/3.7/lib/python3.7/site-packages/django/template/base.py", line 938, in render
    bit = node.render_annotated(context)
  File "/home/vmjsoftw/virtualenv/nakdipayapp.vmjsoftware.in/3.7/lib/python3.7/site-packages/django/template/base.py", line 905, in render_annotated
    return self.render(context)
  File "/home/vmjsoftw/virtualenv/nakdipayapp.vmjsoftware.in/3.7/lib/python3.7/site-packages/django/template/loader_tags.py", line 150, in render
    return compiled_parent._render(context)
  File "/home/vmjsoftw/virtualenv/nakdipayapp.vmjsoftware.in/3.7/lib/python3.7/site-packages/django/template/base.py", line 162, in _render
    return self.nodelist.render(context)
  File "/home/vmjsoftw/virtualenv/nakdipayapp.vmjsoftware.in/3.7/lib/python3.7/site-packages/django/template/base.py", line 938, in render
    bit = node.render_annotated(context)
  File "/home/vmjsoftw/virtualenv/nakdipayapp.vmjsoftware.in/3.7/lib/python3.7/site-packages/django/template/base.py", line 905, in render_annotated
    return self.render(context)
  File "/home/vmjsoftw/virtualenv/nakdipayapp.vmjsoftware.in/3.7/lib/python3.7/site-packages/django/template/loader_tags.py", line 150, in render
    return compiled_parent._render(context)
  File "/home/vmjsoftw/virtualenv/nakdipayapp.vmjsoftware.in/3.7/lib/python3.7/site-packages/django/template/base.py", line 162, in _render
    return self.nodelist.render(context)
  File "/home/vmjsoftw/virtualenv/nakdipayapp.vmjsoftware.in/3.7/lib/python3.7/site-packages/django/template/base.py", line 938, in render
    bit = node.render_annotated(context)
  File "/home/vmjsoftw/virtualenv/nakdipayapp.vmjsoftware.in/3.7/lib/python3.7/site-packages/django/template/base.py", line 905, in render_annotated
    return self.render(context)
  File "/home/vmjsoftw/virtualenv/nakdipayapp.vmjsoftware.in/3.7/lib/python3.7/site-packages/django/template/loader_tags.py", line 62, in render
    result = block.nodelist.render(context)
  File "/home/vmjsoftw/virtualenv/nakdipayapp.vmjsoftware.in/3.7/lib/python3.7/site-packages/django/template/base.py", line 938, in render
    bit = node.render_annotated(context)
  File "/home/vmjsoftw/virtualenv/nakdipayapp.vmjsoftware.in/3.7/lib/python3.7/site-packages/django/template/base.py", line 905, in render_annotated
    return self.render(context)
  File "/home/vmjsoftw/virtualenv/nakdipayapp.vmjsoftware.in/3.7/lib/python3.7/site-packages/django/template/loader_tags.py", line 62, in render
    result = block.nodelist.render(context)
  File "/home/vmjsoftw/virtualenv/nakdipayapp.vmjsoftware.in/3.7/lib/python3.7/site-packages/django/template/base.py", line 938, in render
    bit = node.render_annotated(context)
  File "/home/vmjsoftw/virtualenv/nakdipayapp.vmjsoftware.in/3.7/lib/python3.7/site-packages/django/template/base.py", line 905, in render_annotated
    return self.render(context)
  File "/home/vmjsoftw/virtualenv/nakdipayapp.vmjsoftware.in/3.7/lib/python3.7/site-packages/django/contrib/admin/templatetags/base.py", line 33, in render
    return super().render(context)
  File "/home/vmjsoftw/virtualenv/nakdipayapp.vmjsoftware.in/3.7/lib/python3.7/site-packages/django/template/library.py", line 214, in render
    _dict = self.func(*resolved_args, **resolved_kwargs)
  File "/home/vmjsoftw/virtualenv/nakdipayapp.vmjsoftware.in/3.7/lib/python3.7/site-packages/django/contrib/admin/templatetags/admin_list.py", line 298, in result_list
    headers = list(result_headers(cl))
  File "/home/vmjsoftw/virtualenv/nakdipayapp.vmjsoftware.in/3.7/lib/python3.7/site-packages/django/contrib/admin/templatetags/admin_list.py", line 82, in result_headers
    return_attr=True
  File "/home/vmjsoftw/virtualenv/nakdipayapp.vmjsoftware.in/3.7/lib/python3.7/site-packages/django/contrib/admin/utils.py", line 344, in label_for_field
    raise AttributeError(message)
AttributeError: Unable to lookup 'productequipment' on Governorate or GovernorateAdmin
Internal Server Error: /admin/poultry_products/governorate/
Traceback (most recent call last):
  File "/home/vmjsoftw/virtualenv/nakdipayapp.vmjsoftware.in/3.7/lib/python3.7/site-packages/django/contrib/admin/utils.py", line 319, in label_for_field
    field = _get_non_gfk_field(model._meta, name)
  File "/home/vmjsoftw/virtualenv/nakdipayapp.vmjsoftware.in/3.7/lib/python3.7/site-packages/django/contrib/admin/utils.py", line 300, in _get_non_gfk_field
    raise FieldDoesNotExist()
django.core.exceptions.FieldDoesNotExist

During handling of the above exception, another exception occurred:

Traceback (most recent call last):
  File "/home/vmjsoftw/virtualenv/nakdipayapp.vmjsoftware.in/3.7/lib/python3.7/site-packages/django/core/handlers/exception.py", line 47, in inner
    response = get_response(request)
  File "/home/vmjsoftw/virtualenv/nakdipayapp.vmjsoftware.in/3.7/lib/python3.7/site-packages/django/core/handlers/base.py", line 204, in _get_response
    response = response.render()
  File "/home/vmjsoftw/virtualenv/nakdipayapp.vmjsoftware.in/3.7/lib/python3.7/site-packages/django/template/response.py", line 105, in render
    self.content = self.rendered_content
  File "/home/vmjsoftw/virtualenv/nakdipayapp.vmjsoftware.in/3.7/lib/python3.7/site-packages/django/template/response.py", line 83, in rendered_content
    return template.render(context, self._request)
  File "/home/vmjsoftw/virtualenv/nakdipayapp.vmjsoftware.in/3.7/lib/python3.7/site-packages/django/template/backends/django.py", line 61, in render
    return self.template.render(context)
  File "/home/vmjsoftw/virtualenv/nakdipayapp.vmjsoftware.in/3.7/lib/python3.7/site-packages/django/template/base.py", line 170, in render
    return self._render(context)
  File "/home/vmjsoftw/virtualenv/nakdipayapp.vmjsoftware.in/3.7/lib/python3.7/site-packages/django/template/base.py", line 162, in _render
    return self.nodelist.render(context)
  File "/home/vmjsoftw/virtualenv/nakdipayapp.vmjsoftware.in/3.7/lib/python3.7/site-packages/django/template/base.py", line 938, in render
    bit = node.render_annotated(context)
  File "/home/vmjsoftw/virtualenv/nakdipayapp.vmjsoftware.in/3.7/lib/python3.7/site-packages/django/template/base.py", line 905, in render_annotated
    return self.render(context)
  File "/home/vmjsoftw/virtualenv/nakdipayapp.vmjsoftware.in/3.7/lib/python3.7/site-packages/django/template/loader_tags.py", line 150, in render
    return compiled_parent._render(context)
  File "/home/vmjsoftw/virtualenv/nakdipayapp.vmjsoftware.in/3.7/lib/python3.7/site-packages/django/template/base.py", line 162, in _render
    return self.nodelist.render(context)
  File "/home/vmjsoftw/virtualenv/nakdipayapp.vmjsoftware.in/3.7/lib/python3.7/site-packages/django/template/base.py", line 938, in render
    bit = node.render_annotated(context)
  File "/home/vmjsoftw/virtualenv/nakdipayapp.vmjsoftware.in/3.7/lib/python3.7/site-packages/django/template/base.py", line 905, in render_annotated
    return self.render(context)
  File "/home/vmjsoftw/virtualenv/nakdipayapp.vmjsoftware.in/3.7/lib/python3.7/site-packages/django/template/loader_tags.py", line 150, in render
    return compiled_parent._render(context)
  File "/home/vmjsoftw/virtualenv/nakdipayapp.vmjsoftware.in/3.7/lib/python3.7/site-packages/django/template/base.py", line 162, in _render
    return self.nodelist.render(context)
  File "/home/vmjsoftw/virtualenv/nakdipayapp.vmjsoftware.in/3.7/lib/python3.7/site-packages/django/template/base.py", line 938, in render
    bit = node.render_annotated(context)
  File "/home/vmjsoftw/virtualenv/nakdipayapp.vmjsoftware.in/3.7/lib/python3.7/site-packages/django/template/base.py", line 905, in render_annotated
    return self.render(context)
  File "/home/vmjsoftw/virtualenv/nakdipayapp.vmjsoftware.in/3.7/lib/python3.7/site-packages/django/template/loader_tags.py", line 62, in render
    result = block.nodelist.render(context)
  File "/home/vmjsoftw/virtualenv/nakdipayapp.vmjsoftware.in/3.7/lib/python3.7/site-packages/django/template/base.py", line 938, in render
    bit = node.render_annotated(context)
  File "/home/vmjsoftw/virtualenv/nakdipayapp.vmjsoftware.in/3.7/lib/python3.7/site-packages/django/template/base.py", line 905, in render_annotated
    return self.render(context)
  File "/home/vmjsoftw/virtualenv/nakdipayapp.vmjsoftware.in/3.7/lib/python3.7/site-packages/django/template/loader_tags.py", line 62, in render
    result = block.nodelist.render(context)
  File "/home/vmjsoftw/virtualenv/nakdipayapp.vmjsoftware.in/3.7/lib/python3.7/site-packages/django/template/base.py", line 938, in render
    bit = node.render_annotated(context)
  File "/home/vmjsoftw/virtualenv/nakdipayapp.vmjsoftware.in/3.7/lib/python3.7/site-packages/django/template/base.py", line 905, in render_annotated
    return self.render(context)
  File "/home/vmjsoftw/virtualenv/nakdipayapp.vmjsoftware.in/3.7/lib/python3.7/site-packages/django/contrib/admin/templatetags/base.py", line 33, in render
    return super().render(context)
  File "/home/vmjsoftw/virtualenv/nakdipayapp.vmjsoftware.in/3.7/lib/python3.7/site-packages/django/template/library.py", line 214, in render
    _dict = self.func(*resolved_args, **resolved_kwargs)
  File "/home/vmjsoftw/virtualenv/nakdipayapp.vmjsoftware.in/3.7/lib/python3.7/site-packages/django/contrib/admin/templatetags/admin_list.py", line 298, in result_list
    headers = list(result_headers(cl))
  File "/home/vmjsoftw/virtualenv/nakdipayapp.vmjsoftware.in/3.7/lib/python3.7/site-packages/django/contrib/admin/templatetags/admin_list.py", line 82, in result_headers
    return_attr=True
  File "/home/vmjsoftw/virtualenv/nakdipayapp.vmjsoftware.in/3.7/lib/python3.7/site-packages/django/contrib/admin/utils.py", line 344, in label_for_field
    raise AttributeError(message)
AttributeError: Unable to lookup 'productequipment' on Governorate or GovernorateAdmin
Internal Server Error: /admin/poultry_products/governorate/
Traceback (most recent call last):
  File "/home/vmjsoftw/virtualenv/nakdipayapp.vmjsoftware.in/3.7/lib/python3.7/site-packages/django/contrib/admin/utils.py", line 319, in label_for_field
    field = _get_non_gfk_field(model._meta, name)
  File "/home/vmjsoftw/virtualenv/nakdipayapp.vmjsoftware.in/3.7/lib/python3.7/site-packages/django/contrib/admin/utils.py", line 300, in _get_non_gfk_field
    raise FieldDoesNotExist()
django.core.exceptions.FieldDoesNotExist

During handling of the above exception, another exception occurred:

Traceback (most recent call last):
  File "/home/vmjsoftw/virtualenv/nakdipayapp.vmjsoftware.in/3.7/lib/python3.7/site-packages/django/core/handlers/exception.py", line 47, in inner
    response = get_response(request)
  File "/home/vmjsoftw/virtualenv/nakdipayapp.vmjsoftware.in/3.7/lib/python3.7/site-packages/django/core/handlers/base.py", line 204, in _get_response
    response = response.render()
  File "/home/vmjsoftw/virtualenv/nakdipayapp.vmjsoftware.in/3.7/lib/python3.7/site-packages/django/template/response.py", line 105, in render
    self.content = self.rendered_content
  File "/home/vmjsoftw/virtualenv/nakdipayapp.vmjsoftware.in/3.7/lib/python3.7/site-packages/django/template/response.py", line 83, in rendered_content
    return template.render(context, self._request)
  File "/home/vmjsoftw/virtualenv/nakdipayapp.vmjsoftware.in/3.7/lib/python3.7/site-packages/django/template/backends/django.py", line 61, in render
    return self.template.render(context)
  File "/home/vmjsoftw/virtualenv/nakdipayapp.vmjsoftware.in/3.7/lib/python3.7/site-packages/django/template/base.py", line 170, in render
    return self._render(context)
  File "/home/vmjsoftw/virtualenv/nakdipayapp.vmjsoftware.in/3.7/lib/python3.7/site-packages/django/template/base.py", line 162, in _render
    return self.nodelist.render(context)
  File "/home/vmjsoftw/virtualenv/nakdipayapp.vmjsoftware.in/3.7/lib/python3.7/site-packages/django/template/base.py", line 938, in render
    bit = node.render_annotated(context)
  File "/home/vmjsoftw/virtualenv/nakdipayapp.vmjsoftware.in/3.7/lib/python3.7/site-packages/django/template/base.py", line 905, in render_annotated
    return self.render(context)
  File "/home/vmjsoftw/virtualenv/nakdipayapp.vmjsoftware.in/3.7/lib/python3.7/site-packages/django/template/loader_tags.py", line 150, in render
    return compiled_parent._render(context)
  File "/home/vmjsoftw/virtualenv/nakdipayapp.vmjsoftware.in/3.7/lib/python3.7/site-packages/django/template/base.py", line 162, in _render
    return self.nodelist.render(context)
  File "/home/vmjsoftw/virtualenv/nakdipayapp.vmjsoftware.in/3.7/lib/python3.7/site-packages/django/template/base.py", line 938, in render
    bit = node.render_annotated(context)
  File "/home/vmjsoftw/virtualenv/nakdipayapp.vmjsoftware.in/3.7/lib/python3.7/site-packages/django/template/base.py", line 905, in render_annotated
    return self.render(context)
  File "/home/vmjsoftw/virtualenv/nakdipayapp.vmjsoftware.in/3.7/lib/python3.7/site-packages/django/template/loader_tags.py", line 150, in render
    return compiled_parent._render(context)
  File "/home/vmjsoftw/virtualenv/nakdipayapp.vmjsoftware.in/3.7/lib/python3.7/site-packages/django/template/base.py", line 162, in _render
    return self.nodelist.render(context)
  File "/home/vmjsoftw/virtualenv/nakdipayapp.vmjsoftware.in/3.7/lib/python3.7/site-packages/django/template/base.py", line 938, in render
    bit = node.render_annotated(context)
  File "/home/vmjsoftw/virtualenv/nakdipayapp.vmjsoftware.in/3.7/lib/python3.7/site-packages/django/template/base.py", line 905, in render_annotated
    return self.render(context)
  File "/home/vmjsoftw/virtualenv/nakdipayapp.vmjsoftware.in/3.7/lib/python3.7/site-packages/django/template/loader_tags.py", line 62, in render
    result = block.nodelist.render(context)
  File "/home/vmjsoftw/virtualenv/nakdipayapp.vmjsoftware.in/3.7/lib/python3.7/site-packages/django/template/base.py", line 938, in render
    bit = node.render_annotated(context)
  File "/home/vmjsoftw/virtualenv/nakdipayapp.vmjsoftware.in/3.7/lib/python3.7/site-packages/django/template/base.py", line 905, in render_annotated
    return self.render(context)
  File "/home/vmjsoftw/virtualenv/nakdipayapp.vmjsoftware.in/3.7/lib/python3.7/site-packages/django/template/loader_tags.py", line 62, in render
    result = block.nodelist.render(context)
  File "/home/vmjsoftw/virtualenv/nakdipayapp.vmjsoftware.in/3.7/lib/python3.7/site-packages/django/template/base.py", line 938, in render
    bit = node.render_annotated(context)
  File "/home/vmjsoftw/virtualenv/nakdipayapp.vmjsoftware.in/3.7/lib/python3.7/site-packages/django/template/base.py", line 905, in render_annotated
    return self.render(context)
  File "/home/vmjsoftw/virtualenv/nakdipayapp.vmjsoftware.in/3.7/lib/python3.7/site-packages/django/contrib/admin/templatetags/base.py", line 33, in render
    return super().render(context)
  File "/home/vmjsoftw/virtualenv/nakdipayapp.vmjsoftware.in/3.7/lib/python3.7/site-packages/django/template/library.py", line 214, in render
    _dict = self.func(*resolved_args, **resolved_kwargs)
  File "/home/vmjsoftw/virtualenv/nakdipayapp.vmjsoftware.in/3.7/lib/python3.7/site-packages/django/contrib/admin/templatetags/admin_list.py", line 298, in result_list
    headers = list(result_headers(cl))
  File "/home/vmjsoftw/virtualenv/nakdipayapp.vmjsoftware.in/3.7/lib/python3.7/site-packages/django/contrib/admin/templatetags/admin_list.py", line 82, in result_headers
    return_attr=True
  File "/home/vmjsoftw/virtualenv/nakdipayapp.vmjsoftware.in/3.7/lib/python3.7/site-packages/django/contrib/admin/utils.py", line 344, in label_for_field
    raise AttributeError(message)
AttributeError: Unable to lookup 'productequipment' on Governorate or GovernorateAdmin
Internal Server Error: /admin/poultry_products/governorate/
Traceback (most recent call last):
  File "/home/vmjsoftw/virtualenv/nakdipayapp.vmjsoftware.in/3.7/lib/python3.7/site-packages/django/contrib/admin/utils.py", line 319, in label_for_field
    field = _get_non_gfk_field(model._meta, name)
  File "/home/vmjsoftw/virtualenv/nakdipayapp.vmjsoftware.in/3.7/lib/python3.7/site-packages/django/contrib/admin/utils.py", line 300, in _get_non_gfk_field
    raise FieldDoesNotExist()
django.core.exceptions.FieldDoesNotExist

During handling of the above exception, another exception occurred:

Traceback (most recent call last):
  File "/home/vmjsoftw/virtualenv/nakdipayapp.vmjsoftware.in/3.7/lib/python3.7/site-packages/django/core/handlers/exception.py", line 47, in inner
    response = get_response(request)
  File "/home/vmjsoftw/virtualenv/nakdipayapp.vmjsoftware.in/3.7/lib/python3.7/site-packages/django/core/handlers/base.py", line 204, in _get_response
    response = response.render()
  File "/home/vmjsoftw/virtualenv/nakdipayapp.vmjsoftware.in/3.7/lib/python3.7/site-packages/django/template/response.py", line 105, in render
    self.content = self.rendered_content
  File "/home/vmjsoftw/virtualenv/nakdipayapp.vmjsoftware.in/3.7/lib/python3.7/site-packages/django/template/response.py", line 83, in rendered_content
    return template.render(context, self._request)
  File "/home/vmjsoftw/virtualenv/nakdipayapp.vmjsoftware.in/3.7/lib/python3.7/site-packages/django/template/backends/django.py", line 61, in render
    return self.template.render(context)
  File "/home/vmjsoftw/virtualenv/nakdipayapp.vmjsoftware.in/3.7/lib/python3.7/site-packages/django/template/base.py", line 170, in render
    return self._render(context)
  File "/home/vmjsoftw/virtualenv/nakdipayapp.vmjsoftware.in/3.7/lib/python3.7/site-packages/django/template/base.py", line 162, in _render
    return self.nodelist.render(context)
  File "/home/vmjsoftw/virtualenv/nakdipayapp.vmjsoftware.in/3.7/lib/python3.7/site-packages/django/template/base.py", line 938, in render
    bit = node.render_annotated(context)
  File "/home/vmjsoftw/virtualenv/nakdipayapp.vmjsoftware.in/3.7/lib/python3.7/site-packages/django/template/base.py", line 905, in render_annotated
    return self.render(context)
  File "/home/vmjsoftw/virtualenv/nakdipayapp.vmjsoftware.in/3.7/lib/python3.7/site-packages/django/template/loader_tags.py", line 150, in render
    return compiled_parent._render(context)
  File "/home/vmjsoftw/virtualenv/nakdipayapp.vmjsoftware.in/3.7/lib/python3.7/site-packages/django/template/base.py", line 162, in _render
    return self.nodelist.render(context)
  File "/home/vmjsoftw/virtualenv/nakdipayapp.vmjsoftware.in/3.7/lib/python3.7/site-packages/django/template/base.py", line 938, in render
    bit = node.render_annotated(context)
  File "/home/vmjsoftw/virtualenv/nakdipayapp.vmjsoftware.in/3.7/lib/python3.7/site-packages/django/template/base.py", line 905, in render_annotated
    return self.render(context)
  File "/home/vmjsoftw/virtualenv/nakdipayapp.vmjsoftware.in/3.7/lib/python3.7/site-packages/django/template/loader_tags.py", line 150, in render
    return compiled_parent._render(context)
  File "/home/vmjsoftw/virtualenv/nakdipayapp.vmjsoftware.in/3.7/lib/python3.7/site-packages/django/template/base.py", line 162, in _render
    return self.nodelist.render(context)
  File "/home/vmjsoftw/virtualenv/nakdipayapp.vmjsoftware.in/3.7/lib/python3.7/site-packages/django/template/base.py", line 938, in render
    bit = node.render_annotated(context)
  File "/home/vmjsoftw/virtualenv/nakdipayapp.vmjsoftware.in/3.7/lib/python3.7/site-packages/django/template/base.py", line 905, in render_annotated
    return self.render(context)
  File "/home/vmjsoftw/virtualenv/nakdipayapp.vmjsoftware.in/3.7/lib/python3.7/site-packages/django/template/loader_tags.py", line 62, in render
    result = block.nodelist.render(context)
  File "/home/vmjsoftw/virtualenv/nakdipayapp.vmjsoftware.in/3.7/lib/python3.7/site-packages/django/template/base.py", line 938, in render
    bit = node.render_annotated(context)
  File "/home/vmjsoftw/virtualenv/nakdipayapp.vmjsoftware.in/3.7/lib/python3.7/site-packages/django/template/base.py", line 905, in render_annotated
    return self.render(context)
  File "/home/vmjsoftw/virtualenv/nakdipayapp.vmjsoftware.in/3.7/lib/python3.7/site-packages/django/template/loader_tags.py", line 62, in render
    result = block.nodelist.render(context)
  File "/home/vmjsoftw/virtualenv/nakdipayapp.vmjsoftware.in/3.7/lib/python3.7/site-packages/django/template/base.py", line 938, in render
    bit = node.render_annotated(context)
  File "/home/vmjsoftw/virtualenv/nakdipayapp.vmjsoftware.in/3.7/lib/python3.7/site-packages/django/template/base.py", line 905, in render_annotated
    return self.render(context)
  File "/home/vmjsoftw/virtualenv/nakdipayapp.vmjsoftware.in/3.7/lib/python3.7/site-packages/django/contrib/admin/templatetags/base.py", line 33, in render
    return super().render(context)
  File "/home/vmjsoftw/virtualenv/nakdipayapp.vmjsoftware.in/3.7/lib/python3.7/site-packages/django/template/library.py", line 214, in render
    _dict = self.func(*resolved_args, **resolved_kwargs)
  File "/home/vmjsoftw/virtualenv/nakdipayapp.vmjsoftware.in/3.7/lib/python3.7/site-packages/django/contrib/admin/templatetags/admin_list.py", line 298, in result_list
    headers = list(result_headers(cl))
  File "/home/vmjsoftw/virtualenv/nakdipayapp.vmjsoftware.in/3.7/lib/python3.7/site-packages/django/contrib/admin/templatetags/admin_list.py", line 82, in result_headers
    return_attr=True
  File "/home/vmjsoftw/virtualenv/nakdipayapp.vmjsoftware.in/3.7/lib/python3.7/site-packages/django/contrib/admin/utils.py", line 344, in label_for_field
    raise AttributeError(message)
AttributeError: Unable to lookup 'productequipment' on Governorate or GovernorateAdmin
Internal Server Error: /admin/poultry_products/governorate/
Traceback (most recent call last):
  File "/home/vmjsoftw/virtualenv/nakdipayapp.vmjsoftware.in/3.7/lib/python3.7/site-packages/django/contrib/admin/utils.py", line 319, in label_for_field
    field = _get_non_gfk_field(model._meta, name)
  File "/home/vmjsoftw/virtualenv/nakdipayapp.vmjsoftware.in/3.7/lib/python3.7/site-packages/django/contrib/admin/utils.py", line 300, in _get_non_gfk_field
    raise FieldDoesNotExist()
django.core.exceptions.FieldDoesNotExist

During handling of the above exception, another exception occurred:

Traceback (most recent call last):
  File "/home/vmjsoftw/virtualenv/nakdipayapp.vmjsoftware.in/3.7/lib/python3.7/site-packages/django/core/handlers/exception.py", line 47, in inner
    response = get_response(request)
  File "/home/vmjsoftw/virtualenv/nakdipayapp.vmjsoftware.in/3.7/lib/python3.7/site-packages/django/core/handlers/base.py", line 204, in _get_response
    response = response.render()
  File "/home/vmjsoftw/virtualenv/nakdipayapp.vmjsoftware.in/3.7/lib/python3.7/site-packages/django/template/response.py", line 105, in render
    self.content = self.rendered_content
  File "/home/vmjsoftw/virtualenv/nakdipayapp.vmjsoftware.in/3.7/lib/python3.7/site-packages/django/template/response.py", line 83, in rendered_content
    return template.render(context, self._request)
  File "/home/vmjsoftw/virtualenv/nakdipayapp.vmjsoftware.in/3.7/lib/python3.7/site-packages/django/template/backends/django.py", line 61, in render
    return self.template.render(context)
  File "/home/vmjsoftw/virtualenv/nakdipayapp.vmjsoftware.in/3.7/lib/python3.7/site-packages/django/template/base.py", line 170, in render
    return self._render(context)
  File "/home/vmjsoftw/virtualenv/nakdipayapp.vmjsoftware.in/3.7/lib/python3.7/site-packages/django/template/base.py", line 162, in _render
    return self.nodelist.render(context)
  File "/home/vmjsoftw/virtualenv/nakdipayapp.vmjsoftware.in/3.7/lib/python3.7/site-packages/django/template/base.py", line 938, in render
    bit = node.render_annotated(context)
  File "/home/vmjsoftw/virtualenv/nakdipayapp.vmjsoftware.in/3.7/lib/python3.7/site-packages/django/template/base.py", line 905, in render_annotated
    return self.render(context)
  File "/home/vmjsoftw/virtualenv/nakdipayapp.vmjsoftware.in/3.7/lib/python3.7/site-packages/django/template/loader_tags.py", line 150, in render
    return compiled_parent._render(context)
  File "/home/vmjsoftw/virtualenv/nakdipayapp.vmjsoftware.in/3.7/lib/python3.7/site-packages/django/template/base.py", line 162, in _render
    return self.nodelist.render(context)
  File "/home/vmjsoftw/virtualenv/nakdipayapp.vmjsoftware.in/3.7/lib/python3.7/site-packages/django/template/base.py", line 938, in render
    bit = node.render_annotated(context)
  File "/home/vmjsoftw/virtualenv/nakdipayapp.vmjsoftware.in/3.7/lib/python3.7/site-packages/django/template/base.py", line 905, in render_annotated
    return self.render(context)
  File "/home/vmjsoftw/virtualenv/nakdipayapp.vmjsoftware.in/3.7/lib/python3.7/site-packages/django/template/loader_tags.py", line 150, in render
    return compiled_parent._render(context)
  File "/home/vmjsoftw/virtualenv/nakdipayapp.vmjsoftware.in/3.7/lib/python3.7/site-packages/django/template/base.py", line 162, in _render
    return self.nodelist.render(context)
  File "/home/vmjsoftw/virtualenv/nakdipayapp.vmjsoftware.in/3.7/lib/python3.7/site-packages/django/template/base.py", line 938, in render
    bit = node.render_annotated(context)
  File "/home/vmjsoftw/virtualenv/nakdipayapp.vmjsoftware.in/3.7/lib/python3.7/site-packages/django/template/base.py", line 905, in render_annotated
    return self.render(context)
  File "/home/vmjsoftw/virtualenv/nakdipayapp.vmjsoftware.in/3.7/lib/python3.7/site-packages/django/template/loader_tags.py", line 62, in render
    result = block.nodelist.render(context)
  File "/home/vmjsoftw/virtualenv/nakdipayapp.vmjsoftware.in/3.7/lib/python3.7/site-packages/django/template/base.py", line 938, in render
    bit = node.render_annotated(context)
  File "/home/vmjsoftw/virtualenv/nakdipayapp.vmjsoftware.in/3.7/lib/python3.7/site-packages/django/template/base.py", line 905, in render_annotated
    return self.render(context)
  File "/home/vmjsoftw/virtualenv/nakdipayapp.vmjsoftware.in/3.7/lib/python3.7/site-packages/django/template/loader_tags.py", line 62, in render
    result = block.nodelist.render(context)
  File "/home/vmjsoftw/virtualenv/nakdipayapp.vmjsoftware.in/3.7/lib/python3.7/site-packages/django/template/base.py", line 938, in render
    bit = node.render_annotated(context)
  File "/home/vmjsoftw/virtualenv/nakdipayapp.vmjsoftware.in/3.7/lib/python3.7/site-packages/django/template/base.py", line 905, in render_annotated
    return self.render(context)
  File "/home/vmjsoftw/virtualenv/nakdipayapp.vmjsoftware.in/3.7/lib/python3.7/site-packages/django/contrib/admin/templatetags/base.py", line 33, in render
    return super().render(context)
  File "/home/vmjsoftw/virtualenv/nakdipayapp.vmjsoftware.in/3.7/lib/python3.7/site-packages/django/template/library.py", line 214, in render
    _dict = self.func(*resolved_args, **resolved_kwargs)
  File "/home/vmjsoftw/virtualenv/nakdipayapp.vmjsoftware.in/3.7/lib/python3.7/site-packages/django/contrib/admin/templatetags/admin_list.py", line 298, in result_list
    headers = list(result_headers(cl))
  File "/home/vmjsoftw/virtualenv/nakdipayapp.vmjsoftware.in/3.7/lib/python3.7/site-packages/django/contrib/admin/templatetags/admin_list.py", line 82, in result_headers
    return_attr=True
  File "/home/vmjsoftw/virtualenv/nakdipayapp.vmjsoftware.in/3.7/lib/python3.7/site-packages/django/contrib/admin/utils.py", line 344, in label_for_field
    raise AttributeError(message)
AttributeError: Unable to lookup 'productequipment' on Governorate or GovernorateAdmin
Internal Server Error: /admin/poultry_products/region/
Traceback (most recent call last):
  File "/home/vmjsoftw/virtualenv/nakdipayapp.vmjsoftware.in/3.7/lib/python3.7/site-packages/django/contrib/admin/utils.py", line 319, in label_for_field
    field = _get_non_gfk_field(model._meta, name)
  File "/home/vmjsoftw/virtualenv/nakdipayapp.vmjsoftware.in/3.7/lib/python3.7/site-packages/django/contrib/admin/utils.py", line 300, in _get_non_gfk_field
    raise FieldDoesNotExist()
django.core.exceptions.FieldDoesNotExist

During handling of the above exception, another exception occurred:

Traceback (most recent call last):
  File "/home/vmjsoftw/virtualenv/nakdipayapp.vmjsoftware.in/3.7/lib/python3.7/site-packages/django/core/handlers/exception.py", line 47, in inner
    response = get_response(request)
  File "/home/vmjsoftw/virtualenv/nakdipayapp.vmjsoftware.in/3.7/lib/python3.7/site-packages/django/core/handlers/base.py", line 204, in _get_response
    response = response.render()
  File "/home/vmjsoftw/virtualenv/nakdipayapp.vmjsoftware.in/3.7/lib/python3.7/site-packages/django/template/response.py", line 105, in render
    self.content = self.rendered_content
  File "/home/vmjsoftw/virtualenv/nakdipayapp.vmjsoftware.in/3.7/lib/python3.7/site-packages/django/template/response.py", line 83, in rendered_content
    return template.render(context, self._request)
  File "/home/vmjsoftw/virtualenv/nakdipayapp.vmjsoftware.in/3.7/lib/python3.7/site-packages/django/template/backends/django.py", line 61, in render
    return self.template.render(context)
  File "/home/vmjsoftw/virtualenv/nakdipayapp.vmjsoftware.in/3.7/lib/python3.7/site-packages/django/template/base.py", line 170, in render
    return self._render(context)
  File "/home/vmjsoftw/virtualenv/nakdipayapp.vmjsoftware.in/3.7/lib/python3.7/site-packages/django/template/base.py", line 162, in _render
    return self.nodelist.render(context)
  File "/home/vmjsoftw/virtualenv/nakdipayapp.vmjsoftware.in/3.7/lib/python3.7/site-packages/django/template/base.py", line 938, in render
    bit = node.render_annotated(context)
  File "/home/vmjsoftw/virtualenv/nakdipayapp.vmjsoftware.in/3.7/lib/python3.7/site-packages/django/template/base.py", line 905, in render_annotated
    return self.render(context)
  File "/home/vmjsoftw/virtualenv/nakdipayapp.vmjsoftware.in/3.7/lib/python3.7/site-packages/django/template/loader_tags.py", line 150, in render
    return compiled_parent._render(context)
  File "/home/vmjsoftw/virtualenv/nakdipayapp.vmjsoftware.in/3.7/lib/python3.7/site-packages/django/template/base.py", line 162, in _render
    return self.nodelist.render(context)
  File "/home/vmjsoftw/virtualenv/nakdipayapp.vmjsoftware.in/3.7/lib/python3.7/site-packages/django/template/base.py", line 938, in render
    bit = node.render_annotated(context)
  File "/home/vmjsoftw/virtualenv/nakdipayapp.vmjsoftware.in/3.7/lib/python3.7/site-packages/django/template/base.py", line 905, in render_annotated
    return self.render(context)
  File "/home/vmjsoftw/virtualenv/nakdipayapp.vmjsoftware.in/3.7/lib/python3.7/site-packages/django/template/loader_tags.py", line 150, in render
    return compiled_parent._render(context)
  File "/home/vmjsoftw/virtualenv/nakdipayapp.vmjsoftware.in/3.7/lib/python3.7/site-packages/django/template/base.py", line 162, in _render
    return self.nodelist.render(context)
  File "/home/vmjsoftw/virtualenv/nakdipayapp.vmjsoftware.in/3.7/lib/python3.7/site-packages/django/template/base.py", line 938, in render
    bit = node.render_annotated(context)
  File "/home/vmjsoftw/virtualenv/nakdipayapp.vmjsoftware.in/3.7/lib/python3.7/site-packages/django/template/base.py", line 905, in render_annotated
    return self.render(context)
  File "/home/vmjsoftw/virtualenv/nakdipayapp.vmjsoftware.in/3.7/lib/python3.7/site-packages/django/template/loader_tags.py", line 62, in render
    result = block.nodelist.render(context)
  File "/home/vmjsoftw/virtualenv/nakdipayapp.vmjsoftware.in/3.7/lib/python3.7/site-packages/django/template/base.py", line 938, in render
    bit = node.render_annotated(context)
  File "/home/vmjsoftw/virtualenv/nakdipayapp.vmjsoftware.in/3.7/lib/python3.7/site-packages/django/template/base.py", line 905, in render_annotated
    return self.render(context)
  File "/home/vmjsoftw/virtualenv/nakdipayapp.vmjsoftware.in/3.7/lib/python3.7/site-packages/django/template/loader_tags.py", line 62, in render
    result = block.nodelist.render(context)
  File "/home/vmjsoftw/virtualenv/nakdipayapp.vmjsoftware.in/3.7/lib/python3.7/site-packages/django/template/base.py", line 938, in render
    bit = node.render_annotated(context)
  File "/home/vmjsoftw/virtualenv/nakdipayapp.vmjsoftware.in/3.7/lib/python3.7/site-packages/django/template/base.py", line 905, in render_annotated
    return self.render(context)
  File "/home/vmjsoftw/virtualenv/nakdipayapp.vmjsoftware.in/3.7/lib/python3.7/site-packages/django/contrib/admin/templatetags/base.py", line 33, in render
    return super().render(context)
  File "/home/vmjsoftw/virtualenv/nakdipayapp.vmjsoftware.in/3.7/lib/python3.7/site-packages/django/template/library.py", line 214, in render
    _dict = self.func(*resolved_args, **resolved_kwargs)
  File "/home/vmjsoftw/virtualenv/nakdipayapp.vmjsoftware.in/3.7/lib/python3.7/site-packages/django/contrib/admin/templatetags/admin_list.py", line 298, in result_list
    headers = list(result_headers(cl))
  File "/home/vmjsoftw/virtualenv/nakdipayapp.vmjsoftware.in/3.7/lib/python3.7/site-packages/django/contrib/admin/templatetags/admin_list.py", line 82, in result_headers
    return_attr=True
  File "/home/vmjsoftw/virtualenv/nakdipayapp.vmjsoftware.in/3.7/lib/python3.7/site-packages/django/contrib/admin/utils.py", line 344, in label_for_field
    raise AttributeError(message)
AttributeError: Unable to lookup 'productequipment' on Region or RegionAdmin
Internal Server Error: /admin/poultry_products/governorate/
Traceback (most recent call last):
  File "/home/vmjsoftw/virtualenv/nakdipayapp.vmjsoftware.in/3.7/lib/python3.7/site-packages/django/contrib/admin/utils.py", line 319, in label_for_field
    field = _get_non_gfk_field(model._meta, name)
  File "/home/vmjsoftw/virtualenv/nakdipayapp.vmjsoftware.in/3.7/lib/python3.7/site-packages/django/contrib/admin/utils.py", line 300, in _get_non_gfk_field
    raise FieldDoesNotExist()
django.core.exceptions.FieldDoesNotExist

During handling of the above exception, another exception occurred:

Traceback (most recent call last):
  File "/home/vmjsoftw/virtualenv/nakdipayapp.vmjsoftware.in/3.7/lib/python3.7/site-packages/django/core/handlers/exception.py", line 47, in inner
    response = get_response(request)
  File "/home/vmjsoftw/virtualenv/nakdipayapp.vmjsoftware.in/3.7/lib/python3.7/site-packages/django/core/handlers/base.py", line 204, in _get_response
    response = response.render()
  File "/home/vmjsoftw/virtualenv/nakdipayapp.vmjsoftware.in/3.7/lib/python3.7/site-packages/django/template/response.py", line 105, in render
    self.content = self.rendered_content
  File "/home/vmjsoftw/virtualenv/nakdipayapp.vmjsoftware.in/3.7/lib/python3.7/site-packages/django/template/response.py", line 83, in rendered_content
    return template.render(context, self._request)
  File "/home/vmjsoftw/virtualenv/nakdipayapp.vmjsoftware.in/3.7/lib/python3.7/site-packages/django/template/backends/django.py", line 61, in render
    return self.template.render(context)
  File "/home/vmjsoftw/virtualenv/nakdipayapp.vmjsoftware.in/3.7/lib/python3.7/site-packages/django/template/base.py", line 170, in render
    return self._render(context)
  File "/home/vmjsoftw/virtualenv/nakdipayapp.vmjsoftware.in/3.7/lib/python3.7/site-packages/django/template/base.py", line 162, in _render
    return self.nodelist.render(context)
  File "/home/vmjsoftw/virtualenv/nakdipayapp.vmjsoftware.in/3.7/lib/python3.7/site-packages/django/template/base.py", line 938, in render
    bit = node.render_annotated(context)
  File "/home/vmjsoftw/virtualenv/nakdipayapp.vmjsoftware.in/3.7/lib/python3.7/site-packages/django/template/base.py", line 905, in render_annotated
    return self.render(context)
  File "/home/vmjsoftw/virtualenv/nakdipayapp.vmjsoftware.in/3.7/lib/python3.7/site-packages/django/template/loader_tags.py", line 150, in render
    return compiled_parent._render(context)
  File "/home/vmjsoftw/virtualenv/nakdipayapp.vmjsoftware.in/3.7/lib/python3.7/site-packages/django/template/base.py", line 162, in _render
    return self.nodelist.render(context)
  File "/home/vmjsoftw/virtualenv/nakdipayapp.vmjsoftware.in/3.7/lib/python3.7/site-packages/django/template/base.py", line 938, in render
    bit = node.render_annotated(context)
  File "/home/vmjsoftw/virtualenv/nakdipayapp.vmjsoftware.in/3.7/lib/python3.7/site-packages/django/template/base.py", line 905, in render_annotated
    return self.render(context)
  File "/home/vmjsoftw/virtualenv/nakdipayapp.vmjsoftware.in/3.7/lib/python3.7/site-packages/django/template/loader_tags.py", line 150, in render
    return compiled_parent._render(context)
  File "/home/vmjsoftw/virtualenv/nakdipayapp.vmjsoftware.in/3.7/lib/python3.7/site-packages/django/template/base.py", line 162, in _render
    return self.nodelist.render(context)
  File "/home/vmjsoftw/virtualenv/nakdipayapp.vmjsoftware.in/3.7/lib/python3.7/site-packages/django/template/base.py", line 938, in render
    bit = node.render_annotated(context)
  File "/home/vmjsoftw/virtualenv/nakdipayapp.vmjsoftware.in/3.7/lib/python3.7/site-packages/django/template/base.py", line 905, in render_annotated
    return self.render(context)
  File "/home/vmjsoftw/virtualenv/nakdipayapp.vmjsoftware.in/3.7/lib/python3.7/site-packages/django/template/loader_tags.py", line 62, in render
    result = block.nodelist.render(context)
  File "/home/vmjsoftw/virtualenv/nakdipayapp.vmjsoftware.in/3.7/lib/python3.7/site-packages/django/template/base.py", line 938, in render
    bit = node.render_annotated(context)
  File "/home/vmjsoftw/virtualenv/nakdipayapp.vmjsoftware.in/3.7/lib/python3.7/site-packages/django/template/base.py", line 905, in render_annotated
    return self.render(context)
  File "/home/vmjsoftw/virtualenv/nakdipayapp.vmjsoftware.in/3.7/lib/python3.7/site-packages/django/template/loader_tags.py", line 62, in render
    result = block.nodelist.render(context)
  File "/home/vmjsoftw/virtualenv/nakdipayapp.vmjsoftware.in/3.7/lib/python3.7/site-packages/django/template/base.py", line 938, in render
    bit = node.render_annotated(context)
  File "/home/vmjsoftw/virtualenv/nakdipayapp.vmjsoftware.in/3.7/lib/python3.7/site-packages/django/template/base.py", line 905, in render_annotated
    return self.render(context)
  File "/home/vmjsoftw/virtualenv/nakdipayapp.vmjsoftware.in/3.7/lib/python3.7/site-packages/django/contrib/admin/templatetags/base.py", line 33, in render
    return super().render(context)
  File "/home/vmjsoftw/virtualenv/nakdipayapp.vmjsoftware.in/3.7/lib/python3.7/site-packages/django/template/library.py", line 214, in render
    _dict = self.func(*resolved_args, **resolved_kwargs)
  File "/home/vmjsoftw/virtualenv/nakdipayapp.vmjsoftware.in/3.7/lib/python3.7/site-packages/django/contrib/admin/templatetags/admin_list.py", line 298, in result_list
    headers = list(result_headers(cl))
  File "/home/vmjsoftw/virtualenv/nakdipayapp.vmjsoftware.in/3.7/lib/python3.7/site-packages/django/contrib/admin/templatetags/admin_list.py", line 82, in result_headers
    return_attr=True
  File "/home/vmjsoftw/virtualenv/nakdipayapp.vmjsoftware.in/3.7/lib/python3.7/site-packages/django/contrib/admin/utils.py", line 344, in label_for_field
    raise AttributeError(message)
AttributeError: Unable to lookup 'productequipment' on Governorate or GovernorateAdmin
Internal Server Error: /admin/poultry_products/region/
Traceback (most recent call last):
  File "/home/vmjsoftw/virtualenv/nakdipayapp.vmjsoftware.in/3.7/lib/python3.7/site-packages/django/contrib/admin/utils.py", line 319, in label_for_field
    field = _get_non_gfk_field(model._meta, name)
  File "/home/vmjsoftw/virtualenv/nakdipayapp.vmjsoftware.in/3.7/lib/python3.7/site-packages/django/contrib/admin/utils.py", line 300, in _get_non_gfk_field
    raise FieldDoesNotExist()
django.core.exceptions.FieldDoesNotExist

During handling of the above exception, another exception occurred:

Traceback (most recent call last):
  File "/home/vmjsoftw/virtualenv/nakdipayapp.vmjsoftware.in/3.7/lib/python3.7/site-packages/django/core/handlers/exception.py", line 47, in inner
    response = get_response(request)
  File "/home/vmjsoftw/virtualenv/nakdipayapp.vmjsoftware.in/3.7/lib/python3.7/site-packages/django/core/handlers/base.py", line 204, in _get_response
    response = response.render()
  File "/home/vmjsoftw/virtualenv/nakdipayapp.vmjsoftware.in/3.7/lib/python3.7/site-packages/django/template/response.py", line 105, in render
    self.content = self.rendered_content
  File "/home/vmjsoftw/virtualenv/nakdipayapp.vmjsoftware.in/3.7/lib/python3.7/site-packages/django/template/response.py", line 83, in rendered_content
    return template.render(context, self._request)
  File "/home/vmjsoftw/virtualenv/nakdipayapp.vmjsoftware.in/3.7/lib/python3.7/site-packages/django/template/backends/django.py", line 61, in render
    return self.template.render(context)
  File "/home/vmjsoftw/virtualenv/nakdipayapp.vmjsoftware.in/3.7/lib/python3.7/site-packages/django/template/base.py", line 170, in render
    return self._render(context)
  File "/home/vmjsoftw/virtualenv/nakdipayapp.vmjsoftware.in/3.7/lib/python3.7/site-packages/django/template/base.py", line 162, in _render
    return self.nodelist.render(context)
  File "/home/vmjsoftw/virtualenv/nakdipayapp.vmjsoftware.in/3.7/lib/python3.7/site-packages/django/template/base.py", line 938, in render
    bit = node.render_annotated(context)
  File "/home/vmjsoftw/virtualenv/nakdipayapp.vmjsoftware.in/3.7/lib/python3.7/site-packages/django/template/base.py", line 905, in render_annotated
    return self.render(context)
  File "/home/vmjsoftw/virtualenv/nakdipayapp.vmjsoftware.in/3.7/lib/python3.7/site-packages/django/template/loader_tags.py", line 150, in render
    return compiled_parent._render(context)
  File "/home/vmjsoftw/virtualenv/nakdipayapp.vmjsoftware.in/3.7/lib/python3.7/site-packages/django/template/base.py", line 162, in _render
    return self.nodelist.render(context)
  File "/home/vmjsoftw/virtualenv/nakdipayapp.vmjsoftware.in/3.7/lib/python3.7/site-packages/django/template/base.py", line 938, in render
    bit = node.render_annotated(context)
  File "/home/vmjsoftw/virtualenv/nakdipayapp.vmjsoftware.in/3.7/lib/python3.7/site-packages/django/template/base.py", line 905, in render_annotated
    return self.render(context)
  File "/home/vmjsoftw/virtualenv/nakdipayapp.vmjsoftware.in/3.7/lib/python3.7/site-packages/django/template/loader_tags.py", line 150, in render
    return compiled_parent._render(context)
  File "/home/vmjsoftw/virtualenv/nakdipayapp.vmjsoftware.in/3.7/lib/python3.7/site-packages/django/template/base.py", line 162, in _render
    return self.nodelist.render(context)
  File "/home/vmjsoftw/virtualenv/nakdipayapp.vmjsoftware.in/3.7/lib/python3.7/site-packages/django/template/base.py", line 938, in render
    bit = node.render_annotated(context)
  File "/home/vmjsoftw/virtualenv/nakdipayapp.vmjsoftware.in/3.7/lib/python3.7/site-packages/django/template/base.py", line 905, in render_annotated
    return self.render(context)
  File "/home/vmjsoftw/virtualenv/nakdipayapp.vmjsoftware.in/3.7/lib/python3.7/site-packages/django/template/loader_tags.py", line 62, in render
    result = block.nodelist.render(context)
  File "/home/vmjsoftw/virtualenv/nakdipayapp.vmjsoftware.in/3.7/lib/python3.7/site-packages/django/template/base.py", line 938, in render
    bit = node.render_annotated(context)
  File "/home/vmjsoftw/virtualenv/nakdipayapp.vmjsoftware.in/3.7/lib/python3.7/site-packages/django/template/base.py", line 905, in render_annotated
    return self.render(context)
  File "/home/vmjsoftw/virtualenv/nakdipayapp.vmjsoftware.in/3.7/lib/python3.7/site-packages/django/template/loader_tags.py", line 62, in render
    result = block.nodelist.render(context)
  File "/home/vmjsoftw/virtualenv/nakdipayapp.vmjsoftware.in/3.7/lib/python3.7/site-packages/django/template/base.py", line 938, in render
    bit = node.render_annotated(context)
  File "/home/vmjsoftw/virtualenv/nakdipayapp.vmjsoftware.in/3.7/lib/python3.7/site-packages/django/template/base.py", line 905, in render_annotated
    return self.render(context)
  File "/home/vmjsoftw/virtualenv/nakdipayapp.vmjsoftware.in/3.7/lib/python3.7/site-packages/django/contrib/admin/templatetags/base.py", line 33, in render
    return super().render(context)
  File "/home/vmjsoftw/virtualenv/nakdipayapp.vmjsoftware.in/3.7/lib/python3.7/site-packages/django/template/library.py", line 214, in render
    _dict = self.func(*resolved_args, **resolved_kwargs)
  File "/home/vmjsoftw/virtualenv/nakdipayapp.vmjsoftware.in/3.7/lib/python3.7/site-packages/django/contrib/admin/templatetags/admin_list.py", line 298, in result_list
    headers = list(result_headers(cl))
  File "/home/vmjsoftw/virtualenv/nakdipayapp.vmjsoftware.in/3.7/lib/python3.7/site-packages/django/contrib/admin/templatetags/admin_list.py", line 82, in result_headers
    return_attr=True
  File "/home/vmjsoftw/virtualenv/nakdipayapp.vmjsoftware.in/3.7/lib/python3.7/site-packages/django/contrib/admin/utils.py", line 344, in label_for_field
    raise AttributeError(message)
AttributeError: Unable to lookup 'productequipment' on Region or RegionAdmin
Internal Server Error: /admin/poultry_products/governorate/
Traceback (most recent call last):
  File "/home/vmjsoftw/virtualenv/nakdipayapp.vmjsoftware.in/3.7/lib/python3.7/site-packages/django/contrib/admin/utils.py", line 319, in label_for_field
    field = _get_non_gfk_field(model._meta, name)
  File "/home/vmjsoftw/virtualenv/nakdipayapp.vmjsoftware.in/3.7/lib/python3.7/site-packages/django/contrib/admin/utils.py", line 300, in _get_non_gfk_field
    raise FieldDoesNotExist()
django.core.exceptions.FieldDoesNotExist

During handling of the above exception, another exception occurred:

Traceback (most recent call last):
  File "/home/vmjsoftw/virtualenv/nakdipayapp.vmjsoftware.in/3.7/lib/python3.7/site-packages/django/core/handlers/exception.py", line 47, in inner
    response = get_response(request)
  File "/home/vmjsoftw/virtualenv/nakdipayapp.vmjsoftware.in/3.7/lib/python3.7/site-packages/django/core/handlers/base.py", line 204, in _get_response
    response = response.render()
  File "/home/vmjsoftw/virtualenv/nakdipayapp.vmjsoftware.in/3.7/lib/python3.7/site-packages/django/template/response.py", line 105, in render
    self.content = self.rendered_content
  File "/home/vmjsoftw/virtualenv/nakdipayapp.vmjsoftware.in/3.7/lib/python3.7/site-packages/django/template/response.py", line 83, in rendered_content
    return template.render(context, self._request)
  File "/home/vmjsoftw/virtualenv/nakdipayapp.vmjsoftware.in/3.7/lib/python3.7/site-packages/django/template/backends/django.py", line 61, in render
    return self.template.render(context)
  File "/home/vmjsoftw/virtualenv/nakdipayapp.vmjsoftware.in/3.7/lib/python3.7/site-packages/django/template/base.py", line 170, in render
    return self._render(context)
  File "/home/vmjsoftw/virtualenv/nakdipayapp.vmjsoftware.in/3.7/lib/python3.7/site-packages/django/template/base.py", line 162, in _render
    return self.nodelist.render(context)
  File "/home/vmjsoftw/virtualenv/nakdipayapp.vmjsoftware.in/3.7/lib/python3.7/site-packages/django/template/base.py", line 938, in render
    bit = node.render_annotated(context)
  File "/home/vmjsoftw/virtualenv/nakdipayapp.vmjsoftware.in/3.7/lib/python3.7/site-packages/django/template/base.py", line 905, in render_annotated
    return self.render(context)
  File "/home/vmjsoftw/virtualenv/nakdipayapp.vmjsoftware.in/3.7/lib/python3.7/site-packages/django/template/loader_tags.py", line 150, in render
    return compiled_parent._render(context)
  File "/home/vmjsoftw/virtualenv/nakdipayapp.vmjsoftware.in/3.7/lib/python3.7/site-packages/django/template/base.py", line 162, in _render
    return self.nodelist.render(context)
  File "/home/vmjsoftw/virtualenv/nakdipayapp.vmjsoftware.in/3.7/lib/python3.7/site-packages/django/template/base.py", line 938, in render
    bit = node.render_annotated(context)
  File "/home/vmjsoftw/virtualenv/nakdipayapp.vmjsoftware.in/3.7/lib/python3.7/site-packages/django/template/base.py", line 905, in render_annotated
    return self.render(context)
  File "/home/vmjsoftw/virtualenv/nakdipayapp.vmjsoftware.in/3.7/lib/python3.7/site-packages/django/template/loader_tags.py", line 150, in render
    return compiled_parent._render(context)
  File "/home/vmjsoftw/virtualenv/nakdipayapp.vmjsoftware.in/3.7/lib/python3.7/site-packages/django/template/base.py", line 162, in _render
    return self.nodelist.render(context)
  File "/home/vmjsoftw/virtualenv/nakdipayapp.vmjsoftware.in/3.7/lib/python3.7/site-packages/django/template/base.py", line 938, in render
    bit = node.render_annotated(context)
  File "/home/vmjsoftw/virtualenv/nakdipayapp.vmjsoftware.in/3.7/lib/python3.7/site-packages/django/template/base.py", line 905, in render_annotated
    return self.render(context)
  File "/home/vmjsoftw/virtualenv/nakdipayapp.vmjsoftware.in/3.7/lib/python3.7/site-packages/django/template/loader_tags.py", line 62, in render
    result = block.nodelist.render(context)
  File "/home/vmjsoftw/virtualenv/nakdipayapp.vmjsoftware.in/3.7/lib/python3.7/site-packages/django/template/base.py", line 938, in render
    bit = node.render_annotated(context)
  File "/home/vmjsoftw/virtualenv/nakdipayapp.vmjsoftware.in/3.7/lib/python3.7/site-packages/django/template/base.py", line 905, in render_annotated
    return self.render(context)
  File "/home/vmjsoftw/virtualenv/nakdipayapp.vmjsoftware.in/3.7/lib/python3.7/site-packages/django/template/loader_tags.py", line 62, in render
    result = block.nodelist.render(context)
  File "/home/vmjsoftw/virtualenv/nakdipayapp.vmjsoftware.in/3.7/lib/python3.7/site-packages/django/template/base.py", line 938, in render
    bit = node.render_annotated(context)
  File "/home/vmjsoftw/virtualenv/nakdipayapp.vmjsoftware.in/3.7/lib/python3.7/site-packages/django/template/base.py", line 905, in render_annotated
    return self.render(context)
  File "/home/vmjsoftw/virtualenv/nakdipayapp.vmjsoftware.in/3.7/lib/python3.7/site-packages/django/contrib/admin/templatetags/base.py", line 33, in render
    return super().render(context)
  File "/home/vmjsoftw/virtualenv/nakdipayapp.vmjsoftware.in/3.7/lib/python3.7/site-packages/django/template/library.py", line 214, in render
    _dict = self.func(*resolved_args, **resolved_kwargs)
  File "/home/vmjsoftw/virtualenv/nakdipayapp.vmjsoftware.in/3.7/lib/python3.7/site-packages/django/contrib/admin/templatetags/admin_list.py", line 298, in result_list
    headers = list(result_headers(cl))
  File "/home/vmjsoftw/virtualenv/nakdipayapp.vmjsoftware.in/3.7/lib/python3.7/site-packages/django/contrib/admin/templatetags/admin_list.py", line 82, in result_headers
    return_attr=True
  File "/home/vmjsoftw/virtualenv/nakdipayapp.vmjsoftware.in/3.7/lib/python3.7/site-packages/django/contrib/admin/utils.py", line 344, in label_for_field
    raise AttributeError(message)
AttributeError: Unable to lookup 'productequipment' on Governorate or GovernorateAdmin
Not Found: /
Internal Server Error: /admin/poultry_products/region/
Traceback (most recent call last):
  File "/home/vmjsoftw/virtualenv/nakdipayapp.vmjsoftware.in/3.7/lib/python3.7/site-packages/django/contrib/admin/utils.py", line 319, in label_for_field
    field = _get_non_gfk_field(model._meta, name)
  File "/home/vmjsoftw/virtualenv/nakdipayapp.vmjsoftware.in/3.7/lib/python3.7/site-packages/django/contrib/admin/utils.py", line 300, in _get_non_gfk_field
    raise FieldDoesNotExist()
django.core.exceptions.FieldDoesNotExist

During handling of the above exception, another exception occurred:

Traceback (most recent call last):
  File "/home/vmjsoftw/virtualenv/nakdipayapp.vmjsoftware.in/3.7/lib/python3.7/site-packages/django/core/handlers/exception.py", line 47, in inner
    response = get_response(request)
  File "/home/vmjsoftw/virtualenv/nakdipayapp.vmjsoftware.in/3.7/lib/python3.7/site-packages/django/core/handlers/base.py", line 204, in _get_response
    response = response.render()
  File "/home/vmjsoftw/virtualenv/nakdipayapp.vmjsoftware.in/3.7/lib/python3.7/site-packages/django/template/response.py", line 105, in render
    self.content = self.rendered_content
  File "/home/vmjsoftw/virtualenv/nakdipayapp.vmjsoftware.in/3.7/lib/python3.7/site-packages/django/template/response.py", line 83, in rendered_content
    return template.render(context, self._request)
  File "/home/vmjsoftw/virtualenv/nakdipayapp.vmjsoftware.in/3.7/lib/python3.7/site-packages/django/template/backends/django.py", line 61, in render
    return self.template.render(context)
  File "/home/vmjsoftw/virtualenv/nakdipayapp.vmjsoftware.in/3.7/lib/python3.7/site-packages/django/template/base.py", line 170, in render
    return self._render(context)
  File "/home/vmjsoftw/virtualenv/nakdipayapp.vmjsoftware.in/3.7/lib/python3.7/site-packages/django/template/base.py", line 162, in _render
    return self.nodelist.render(context)
  File "/home/vmjsoftw/virtualenv/nakdipayapp.vmjsoftware.in/3.7/lib/python3.7/site-packages/django/template/base.py", line 938, in render
    bit = node.render_annotated(context)
  File "/home/vmjsoftw/virtualenv/nakdipayapp.vmjsoftware.in/3.7/lib/python3.7/site-packages/django/template/base.py", line 905, in render_annotated
    return self.render(context)
  File "/home/vmjsoftw/virtualenv/nakdipayapp.vmjsoftware.in/3.7/lib/python3.7/site-packages/django/template/loader_tags.py", line 150, in render
    return compiled_parent._render(context)
  File "/home/vmjsoftw/virtualenv/nakdipayapp.vmjsoftware.in/3.7/lib/python3.7/site-packages/django/template/base.py", line 162, in _render
    return self.nodelist.render(context)
  File "/home/vmjsoftw/virtualenv/nakdipayapp.vmjsoftware.in/3.7/lib/python3.7/site-packages/django/template/base.py", line 938, in render
    bit = node.render_annotated(context)
  File "/home/vmjsoftw/virtualenv/nakdipayapp.vmjsoftware.in/3.7/lib/python3.7/site-packages/django/template/base.py", line 905, in render_annotated
    return self.render(context)
  File "/home/vmjsoftw/virtualenv/nakdipayapp.vmjsoftware.in/3.7/lib/python3.7/site-packages/django/template/loader_tags.py", line 150, in render
    return compiled_parent._render(context)
  File "/home/vmjsoftw/virtualenv/nakdipayapp.vmjsoftware.in/3.7/lib/python3.7/site-packages/django/template/base.py", line 162, in _render
    return self.nodelist.render(context)
  File "/home/vmjsoftw/virtualenv/nakdipayapp.vmjsoftware.in/3.7/lib/python3.7/site-packages/django/template/base.py", line 938, in render
    bit = node.render_annotated(context)
  File "/home/vmjsoftw/virtualenv/nakdipayapp.vmjsoftware.in/3.7/lib/python3.7/site-packages/django/template/base.py", line 905, in render_annotated
    return self.render(context)
  File "/home/vmjsoftw/virtualenv/nakdipayapp.vmjsoftware.in/3.7/lib/python3.7/site-packages/django/template/loader_tags.py", line 62, in render
    result = block.nodelist.render(context)
  File "/home/vmjsoftw/virtualenv/nakdipayapp.vmjsoftware.in/3.7/lib/python3.7/site-packages/django/template/base.py", line 938, in render
    bit = node.render_annotated(context)
  File "/home/vmjsoftw/virtualenv/nakdipayapp.vmjsoftware.in/3.7/lib/python3.7/site-packages/django/template/base.py", line 905, in render_annotated
    return self.render(context)
  File "/home/vmjsoftw/virtualenv/nakdipayapp.vmjsoftware.in/3.7/lib/python3.7/site-packages/django/template/loader_tags.py", line 62, in render
    result = block.nodelist.render(context)
  File "/home/vmjsoftw/virtualenv/nakdipayapp.vmjsoftware.in/3.7/lib/python3.7/site-packages/django/template/base.py", line 938, in render
    bit = node.render_annotated(context)
  File "/home/vmjsoftw/virtualenv/nakdipayapp.vmjsoftware.in/3.7/lib/python3.7/site-packages/django/template/base.py", line 905, in render_annotated
    return self.render(context)
  File "/home/vmjsoftw/virtualenv/nakdipayapp.vmjsoftware.in/3.7/lib/python3.7/site-packages/django/contrib/admin/templatetags/base.py", line 33, in render
    return super().render(context)
  File "/home/vmjsoftw/virtualenv/nakdipayapp.vmjsoftware.in/3.7/lib/python3.7/site-packages/django/template/library.py", line 214, in render
    _dict = self.func(*resolved_args, **resolved_kwargs)
  File "/home/vmjsoftw/virtualenv/nakdipayapp.vmjsoftware.in/3.7/lib/python3.7/site-packages/django/contrib/admin/templatetags/admin_list.py", line 298, in result_list
    headers = list(result_headers(cl))
  File "/home/vmjsoftw/virtualenv/nakdipayapp.vmjsoftware.in/3.7/lib/python3.7/site-packages/django/contrib/admin/templatetags/admin_list.py", line 82, in result_headers
    return_attr=True
  File "/home/vmjsoftw/virtualenv/nakdipayapp.vmjsoftware.in/3.7/lib/python3.7/site-packages/django/contrib/admin/utils.py", line 344, in label_for_field
    raise AttributeError(message)
AttributeError: Unable to lookup 'productequipment' on Region or RegionAdmin
Internal Server Error: /admin/poultry_products/region/
Traceback (most recent call last):
  File "/home/vmjsoftw/virtualenv/nakdipayapp.vmjsoftware.in/3.7/lib/python3.7/site-packages/django/core/handlers/exception.py", line 47, in inner
    response = get_response(request)
  File "/home/vmjsoftw/virtualenv/nakdipayapp.vmjsoftware.in/3.7/lib/python3.7/site-packages/django/core/handlers/base.py", line 181, in _get_response
    response = wrapped_callback(request, *callback_args, **callback_kwargs)
  File "/home/vmjsoftw/virtualenv/nakdipayapp.vmjsoftware.in/3.7/lib/python3.7/site-packages/django/contrib/admin/options.py", line 616, in wrapper
    return self.admin_site.admin_view(view)(*args, **kwargs)
  File "/home/vmjsoftw/virtualenv/nakdipayapp.vmjsoftware.in/3.7/lib/python3.7/site-packages/django/utils/decorators.py", line 130, in _wrapped_view
    response = view_func(request, *args, **kwargs)
  File "/home/vmjsoftw/virtualenv/nakdipayapp.vmjsoftware.in/3.7/lib/python3.7/site-packages/django/views/decorators/cache.py", line 44, in _wrapped_view_func
    response = view_func(request, *args, **kwargs)
  File "/home/vmjsoftw/virtualenv/nakdipayapp.vmjsoftware.in/3.7/lib/python3.7/site-packages/django/contrib/admin/sites.py", line 232, in inner
    return view(request, *args, **kwargs)
  File "/home/vmjsoftw/virtualenv/nakdipayapp.vmjsoftware.in/3.7/lib/python3.7/site-packages/django/utils/decorators.py", line 43, in _wrapper
    return bound_method(*args, **kwargs)
  File "/home/vmjsoftw/virtualenv/nakdipayapp.vmjsoftware.in/3.7/lib/python3.7/site-packages/django/utils/decorators.py", line 130, in _wrapped_view
    response = view_func(request, *args, **kwargs)
  File "/home/vmjsoftw/virtualenv/nakdipayapp.vmjsoftware.in/3.7/lib/python3.7/site-packages/django/contrib/admin/options.py", line 1697, in changelist_view
    cl = self.get_changelist_instance(request)
  File "/home/vmjsoftw/virtualenv/nakdipayapp.vmjsoftware.in/3.7/lib/python3.7/site-packages/django/contrib/admin/options.py", line 733, in get_changelist_instance
    list_display = ['action_checkbox', *list_display]
TypeError: 'NoneType' object is not iterable
Internal Server Error: /admin/poultry_products/governorate/
Traceback (most recent call last):
  File "/home/vmjsoftw/virtualenv/nakdipayapp.vmjsoftware.in/3.7/lib/python3.7/site-packages/django/contrib/admin/utils.py", line 319, in label_for_field
    field = _get_non_gfk_field(model._meta, name)
  File "/home/vmjsoftw/virtualenv/nakdipayapp.vmjsoftware.in/3.7/lib/python3.7/site-packages/django/contrib/admin/utils.py", line 300, in _get_non_gfk_field
    raise FieldDoesNotExist()
django.core.exceptions.FieldDoesNotExist

During handling of the above exception, another exception occurred:

Traceback (most recent call last):
  File "/home/vmjsoftw/virtualenv/nakdipayapp.vmjsoftware.in/3.7/lib/python3.7/site-packages/django/core/handlers/exception.py", line 47, in inner
    response = get_response(request)
  File "/home/vmjsoftw/virtualenv/nakdipayapp.vmjsoftware.in/3.7/lib/python3.7/site-packages/django/core/handlers/base.py", line 204, in _get_response
    response = response.render()
  File "/home/vmjsoftw/virtualenv/nakdipayapp.vmjsoftware.in/3.7/lib/python3.7/site-packages/django/template/response.py", line 105, in render
    self.content = self.rendered_content
  File "/home/vmjsoftw/virtualenv/nakdipayapp.vmjsoftware.in/3.7/lib/python3.7/site-packages/django/template/response.py", line 83, in rendered_content
    return template.render(context, self._request)
  File "/home/vmjsoftw/virtualenv/nakdipayapp.vmjsoftware.in/3.7/lib/python3.7/site-packages/django/template/backends/django.py", line 61, in render
    return self.template.render(context)
  File "/home/vmjsoftw/virtualenv/nakdipayapp.vmjsoftware.in/3.7/lib/python3.7/site-packages/django/template/base.py", line 170, in render
    return self._render(context)
  File "/home/vmjsoftw/virtualenv/nakdipayapp.vmjsoftware.in/3.7/lib/python3.7/site-packages/django/template/base.py", line 162, in _render
    return self.nodelist.render(context)
  File "/home/vmjsoftw/virtualenv/nakdipayapp.vmjsoftware.in/3.7/lib/python3.7/site-packages/django/template/base.py", line 938, in render
    bit = node.render_annotated(context)
  File "/home/vmjsoftw/virtualenv/nakdipayapp.vmjsoftware.in/3.7/lib/python3.7/site-packages/django/template/base.py", line 905, in render_annotated
    return self.render(context)
  File "/home/vmjsoftw/virtualenv/nakdipayapp.vmjsoftware.in/3.7/lib/python3.7/site-packages/django/template/loader_tags.py", line 150, in render
    return compiled_parent._render(context)
  File "/home/vmjsoftw/virtualenv/nakdipayapp.vmjsoftware.in/3.7/lib/python3.7/site-packages/django/template/base.py", line 162, in _render
    return self.nodelist.render(context)
  File "/home/vmjsoftw/virtualenv/nakdipayapp.vmjsoftware.in/3.7/lib/python3.7/site-packages/django/template/base.py", line 938, in render
    bit = node.render_annotated(context)
  File "/home/vmjsoftw/virtualenv/nakdipayapp.vmjsoftware.in/3.7/lib/python3.7/site-packages/django/template/base.py", line 905, in render_annotated
    return self.render(context)
  File "/home/vmjsoftw/virtualenv/nakdipayapp.vmjsoftware.in/3.7/lib/python3.7/site-packages/django/template/loader_tags.py", line 150, in render
    return compiled_parent._render(context)
  File "/home/vmjsoftw/virtualenv/nakdipayapp.vmjsoftware.in/3.7/lib/python3.7/site-packages/django/template/base.py", line 162, in _render
    return self.nodelist.render(context)
  File "/home/vmjsoftw/virtualenv/nakdipayapp.vmjsoftware.in/3.7/lib/python3.7/site-packages/django/template/base.py", line 938, in render
    bit = node.render_annotated(context)
  File "/home/vmjsoftw/virtualenv/nakdipayapp.vmjsoftware.in/3.7/lib/python3.7/site-packages/django/template/base.py", line 905, in render_annotated
    return self.render(context)
  File "/home/vmjsoftw/virtualenv/nakdipayapp.vmjsoftware.in/3.7/lib/python3.7/site-packages/django/template/loader_tags.py", line 62, in render
    result = block.nodelist.render(context)
  File "/home/vmjsoftw/virtualenv/nakdipayapp.vmjsoftware.in/3.7/lib/python3.7/site-packages/django/template/base.py", line 938, in render
    bit = node.render_annotated(context)
  File "/home/vmjsoftw/virtualenv/nakdipayapp.vmjsoftware.in/3.7/lib/python3.7/site-packages/django/template/base.py", line 905, in render_annotated
    return self.render(context)
  File "/home/vmjsoftw/virtualenv/nakdipayapp.vmjsoftware.in/3.7/lib/python3.7/site-packages/django/template/loader_tags.py", line 62, in render
    result = block.nodelist.render(context)
  File "/home/vmjsoftw/virtualenv/nakdipayapp.vmjsoftware.in/3.7/lib/python3.7/site-packages/django/template/base.py", line 938, in render
    bit = node.render_annotated(context)
  File "/home/vmjsoftw/virtualenv/nakdipayapp.vmjsoftware.in/3.7/lib/python3.7/site-packages/django/template/base.py", line 905, in render_annotated
    return self.render(context)
  File "/home/vmjsoftw/virtualenv/nakdipayapp.vmjsoftware.in/3.7/lib/python3.7/site-packages/django/contrib/admin/templatetags/base.py", line 33, in render
    return super().render(context)
  File "/home/vmjsoftw/virtualenv/nakdipayapp.vmjsoftware.in/3.7/lib/python3.7/site-packages/django/template/library.py", line 214, in render
    _dict = self.func(*resolved_args, **resolved_kwargs)
  File "/home/vmjsoftw/virtualenv/nakdipayapp.vmjsoftware.in/3.7/lib/python3.7/site-packages/django/contrib/admin/templatetags/admin_list.py", line 298, in result_list
    headers = list(result_headers(cl))
  File "/home/vmjsoftw/virtualenv/nakdipayapp.vmjsoftware.in/3.7/lib/python3.7/site-packages/django/contrib/admin/templatetags/admin_list.py", line 82, in result_headers
    return_attr=True
  File "/home/vmjsoftw/virtualenv/nakdipayapp.vmjsoftware.in/3.7/lib/python3.7/site-packages/django/contrib/admin/utils.py", line 344, in label_for_field
    raise AttributeError(message)
AttributeError: Unable to lookup 'productequipment' on Governorate or GovernorateAdmin
Internal Server Error: /admin/poultry_products/governorate/
Traceback (most recent call last):
  File "/home/vmjsoftw/virtualenv/nakdipayapp.vmjsoftware.in/3.7/lib/python3.7/site-packages/django/contrib/admin/utils.py", line 319, in label_for_field
    field = _get_non_gfk_field(model._meta, name)
  File "/home/vmjsoftw/virtualenv/nakdipayapp.vmjsoftware.in/3.7/lib/python3.7/site-packages/django/contrib/admin/utils.py", line 300, in _get_non_gfk_field
    raise FieldDoesNotExist()
django.core.exceptions.FieldDoesNotExist

During handling of the above exception, another exception occurred:

Traceback (most recent call last):
  File "/home/vmjsoftw/virtualenv/nakdipayapp.vmjsoftware.in/3.7/lib/python3.7/site-packages/django/core/handlers/exception.py", line 47, in inner
    response = get_response(request)
  File "/home/vmjsoftw/virtualenv/nakdipayapp.vmjsoftware.in/3.7/lib/python3.7/site-packages/django/core/handlers/base.py", line 204, in _get_response
    response = response.render()
  File "/home/vmjsoftw/virtualenv/nakdipayapp.vmjsoftware.in/3.7/lib/python3.7/site-packages/django/template/response.py", line 105, in render
    self.content = self.rendered_content
  File "/home/vmjsoftw/virtualenv/nakdipayapp.vmjsoftware.in/3.7/lib/python3.7/site-packages/django/template/response.py", line 83, in rendered_content
    return template.render(context, self._request)
  File "/home/vmjsoftw/virtualenv/nakdipayapp.vmjsoftware.in/3.7/lib/python3.7/site-packages/django/template/backends/django.py", line 61, in render
    return self.template.render(context)
  File "/home/vmjsoftw/virtualenv/nakdipayapp.vmjsoftware.in/3.7/lib/python3.7/site-packages/django/template/base.py", line 170, in render
    return self._render(context)
  File "/home/vmjsoftw/virtualenv/nakdipayapp.vmjsoftware.in/3.7/lib/python3.7/site-packages/django/template/base.py", line 162, in _render
    return self.nodelist.render(context)
  File "/home/vmjsoftw/virtualenv/nakdipayapp.vmjsoftware.in/3.7/lib/python3.7/site-packages/django/template/base.py", line 938, in render
    bit = node.render_annotated(context)
  File "/home/vmjsoftw/virtualenv/nakdipayapp.vmjsoftware.in/3.7/lib/python3.7/site-packages/django/template/base.py", line 905, in render_annotated
    return self.render(context)
  File "/home/vmjsoftw/virtualenv/nakdipayapp.vmjsoftware.in/3.7/lib/python3.7/site-packages/django/template/loader_tags.py", line 150, in render
    return compiled_parent._render(context)
  File "/home/vmjsoftw/virtualenv/nakdipayapp.vmjsoftware.in/3.7/lib/python3.7/site-packages/django/template/base.py", line 162, in _render
    return self.nodelist.render(context)
  File "/home/vmjsoftw/virtualenv/nakdipayapp.vmjsoftware.in/3.7/lib/python3.7/site-packages/django/template/base.py", line 938, in render
    bit = node.render_annotated(context)
  File "/home/vmjsoftw/virtualenv/nakdipayapp.vmjsoftware.in/3.7/lib/python3.7/site-packages/django/template/base.py", line 905, in render_annotated
    return self.render(context)
  File "/home/vmjsoftw/virtualenv/nakdipayapp.vmjsoftware.in/3.7/lib/python3.7/site-packages/django/template/loader_tags.py", line 150, in render
    return compiled_parent._render(context)
  File "/home/vmjsoftw/virtualenv/nakdipayapp.vmjsoftware.in/3.7/lib/python3.7/site-packages/django/template/base.py", line 162, in _render
    return self.nodelist.render(context)
  File "/home/vmjsoftw/virtualenv/nakdipayapp.vmjsoftware.in/3.7/lib/python3.7/site-packages/django/template/base.py", line 938, in render
    bit = node.render_annotated(context)
  File "/home/vmjsoftw/virtualenv/nakdipayapp.vmjsoftware.in/3.7/lib/python3.7/site-packages/django/template/base.py", line 905, in render_annotated
    return self.render(context)
  File "/home/vmjsoftw/virtualenv/nakdipayapp.vmjsoftware.in/3.7/lib/python3.7/site-packages/django/template/loader_tags.py", line 62, in render
    result = block.nodelist.render(context)
  File "/home/vmjsoftw/virtualenv/nakdipayapp.vmjsoftware.in/3.7/lib/python3.7/site-packages/django/template/base.py", line 938, in render
    bit = node.render_annotated(context)
  File "/home/vmjsoftw/virtualenv/nakdipayapp.vmjsoftware.in/3.7/lib/python3.7/site-packages/django/template/base.py", line 905, in render_annotated
    return self.render(context)
  File "/home/vmjsoftw/virtualenv/nakdipayapp.vmjsoftware.in/3.7/lib/python3.7/site-packages/django/template/loader_tags.py", line 62, in render
    result = block.nodelist.render(context)
  File "/home/vmjsoftw/virtualenv/nakdipayapp.vmjsoftware.in/3.7/lib/python3.7/site-packages/django/template/base.py", line 938, in render
    bit = node.render_annotated(context)
  File "/home/vmjsoftw/virtualenv/nakdipayapp.vmjsoftware.in/3.7/lib/python3.7/site-packages/django/template/base.py", line 905, in render_annotated
    return self.render(context)
  File "/home/vmjsoftw/virtualenv/nakdipayapp.vmjsoftware.in/3.7/lib/python3.7/site-packages/django/contrib/admin/templatetags/base.py", line 33, in render
    return super().render(context)
  File "/home/vmjsoftw/virtualenv/nakdipayapp.vmjsoftware.in/3.7/lib/python3.7/site-packages/django/template/library.py", line 214, in render
    _dict = self.func(*resolved_args, **resolved_kwargs)
  File "/home/vmjsoftw/virtualenv/nakdipayapp.vmjsoftware.in/3.7/lib/python3.7/site-packages/django/contrib/admin/templatetags/admin_list.py", line 298, in result_list
    headers = list(result_headers(cl))
  File "/home/vmjsoftw/virtualenv/nakdipayapp.vmjsoftware.in/3.7/lib/python3.7/site-packages/django/contrib/admin/templatetags/admin_list.py", line 82, in result_headers
    return_attr=True
  File "/home/vmjsoftw/virtualenv/nakdipayapp.vmjsoftware.in/3.7/lib/python3.7/site-packages/django/contrib/admin/utils.py", line 344, in label_for_field
    raise AttributeError(message)
AttributeError: Unable to lookup 'productequipment' on Governorate or GovernorateAdmin
Internal Server Error: /admin/poultry_products/governorate/
Traceback (most recent call last):
  File "/home/vmjsoftw/virtualenv/nakdipayapp.vmjsoftware.in/3.7/lib/python3.7/site-packages/django/contrib/admin/utils.py", line 319, in label_for_field
    field = _get_non_gfk_field(model._meta, name)
  File "/home/vmjsoftw/virtualenv/nakdipayapp.vmjsoftware.in/3.7/lib/python3.7/site-packages/django/contrib/admin/utils.py", line 300, in _get_non_gfk_field
    raise FieldDoesNotExist()
django.core.exceptions.FieldDoesNotExist

During handling of the above exception, another exception occurred:

Traceback (most recent call last):
  File "/home/vmjsoftw/virtualenv/nakdipayapp.vmjsoftware.in/3.7/lib/python3.7/site-packages/django/core/handlers/exception.py", line 47, in inner
    response = get_response(request)
  File "/home/vmjsoftw/virtualenv/nakdipayapp.vmjsoftware.in/3.7/lib/python3.7/site-packages/django/core/handlers/base.py", line 204, in _get_response
    response = response.render()
  File "/home/vmjsoftw/virtualenv/nakdipayapp.vmjsoftware.in/3.7/lib/python3.7/site-packages/django/template/response.py", line 105, in render
    self.content = self.rendered_content
  File "/home/vmjsoftw/virtualenv/nakdipayapp.vmjsoftware.in/3.7/lib/python3.7/site-packages/django/template/response.py", line 83, in rendered_content
    return template.render(context, self._request)
  File "/home/vmjsoftw/virtualenv/nakdipayapp.vmjsoftware.in/3.7/lib/python3.7/site-packages/django/template/backends/django.py", line 61, in render
    return self.template.render(context)
  File "/home/vmjsoftw/virtualenv/nakdipayapp.vmjsoftware.in/3.7/lib/python3.7/site-packages/django/template/base.py", line 170, in render
    return self._render(context)
  File "/home/vmjsoftw/virtualenv/nakdipayapp.vmjsoftware.in/3.7/lib/python3.7/site-packages/django/template/base.py", line 162, in _render
    return self.nodelist.render(context)
  File "/home/vmjsoftw/virtualenv/nakdipayapp.vmjsoftware.in/3.7/lib/python3.7/site-packages/django/template/base.py", line 938, in render
    bit = node.render_annotated(context)
  File "/home/vmjsoftw/virtualenv/nakdipayapp.vmjsoftware.in/3.7/lib/python3.7/site-packages/django/template/base.py", line 905, in render_annotated
    return self.render(context)
  File "/home/vmjsoftw/virtualenv/nakdipayapp.vmjsoftware.in/3.7/lib/python3.7/site-packages/django/template/loader_tags.py", line 150, in render
    return compiled_parent._render(context)
  File "/home/vmjsoftw/virtualenv/nakdipayapp.vmjsoftware.in/3.7/lib/python3.7/site-packages/django/template/base.py", line 162, in _render
    return self.nodelist.render(context)
  File "/home/vmjsoftw/virtualenv/nakdipayapp.vmjsoftware.in/3.7/lib/python3.7/site-packages/django/template/base.py", line 938, in render
    bit = node.render_annotated(context)
  File "/home/vmjsoftw/virtualenv/nakdipayapp.vmjsoftware.in/3.7/lib/python3.7/site-packages/django/template/base.py", line 905, in render_annotated
    return self.render(context)
  File "/home/vmjsoftw/virtualenv/nakdipayapp.vmjsoftware.in/3.7/lib/python3.7/site-packages/django/template/loader_tags.py", line 150, in render
    return compiled_parent._render(context)
  File "/home/vmjsoftw/virtualenv/nakdipayapp.vmjsoftware.in/3.7/lib/python3.7/site-packages/django/template/base.py", line 162, in _render
    return self.nodelist.render(context)
  File "/home/vmjsoftw/virtualenv/nakdipayapp.vmjsoftware.in/3.7/lib/python3.7/site-packages/django/template/base.py", line 938, in render
    bit = node.render_annotated(context)
  File "/home/vmjsoftw/virtualenv/nakdipayapp.vmjsoftware.in/3.7/lib/python3.7/site-packages/django/template/base.py", line 905, in render_annotated
    return self.render(context)
  File "/home/vmjsoftw/virtualenv/nakdipayapp.vmjsoftware.in/3.7/lib/python3.7/site-packages/django/template/loader_tags.py", line 62, in render
    result = block.nodelist.render(context)
  File "/home/vmjsoftw/virtualenv/nakdipayapp.vmjsoftware.in/3.7/lib/python3.7/site-packages/django/template/base.py", line 938, in render
    bit = node.render_annotated(context)
  File "/home/vmjsoftw/virtualenv/nakdipayapp.vmjsoftware.in/3.7/lib/python3.7/site-packages/django/template/base.py", line 905, in render_annotated
    return self.render(context)
  File "/home/vmjsoftw/virtualenv/nakdipayapp.vmjsoftware.in/3.7/lib/python3.7/site-packages/django/template/loader_tags.py", line 62, in render
    result = block.nodelist.render(context)
  File "/home/vmjsoftw/virtualenv/nakdipayapp.vmjsoftware.in/3.7/lib/python3.7/site-packages/django/template/base.py", line 938, in render
    bit = node.render_annotated(context)
  File "/home/vmjsoftw/virtualenv/nakdipayapp.vmjsoftware.in/3.7/lib/python3.7/site-packages/django/template/base.py", line 905, in render_annotated
    return self.render(context)
  File "/home/vmjsoftw/virtualenv/nakdipayapp.vmjsoftware.in/3.7/lib/python3.7/site-packages/django/contrib/admin/templatetags/base.py", line 33, in render
    return super().render(context)
  File "/home/vmjsoftw/virtualenv/nakdipayapp.vmjsoftware.in/3.7/lib/python3.7/site-packages/django/template/library.py", line 214, in render
    _dict = self.func(*resolved_args, **resolved_kwargs)
  File "/home/vmjsoftw/virtualenv/nakdipayapp.vmjsoftware.in/3.7/lib/python3.7/site-packages/django/contrib/admin/templatetags/admin_list.py", line 298, in result_list
    headers = list(result_headers(cl))
  File "/home/vmjsoftw/virtualenv/nakdipayapp.vmjsoftware.in/3.7/lib/python3.7/site-packages/django/contrib/admin/templatetags/admin_list.py", line 82, in result_headers
    return_attr=True
  File "/home/vmjsoftw/virtualenv/nakdipayapp.vmjsoftware.in/3.7/lib/python3.7/site-packages/django/contrib/admin/utils.py", line 344, in label_for_field
    raise AttributeError(message)
AttributeError: Unable to lookup 'productequipment' on Governorate or GovernorateAdmin
Not Found: /favicon.ico
Not Found: /favicon.ico
Not Found: /favicon.ico
Not Found: /favicon.ico
Not Found: /
Not Found: /
Not Found: /
Not Found: /favicon.ico
Not Found: /favicon.ico
Not Found: /
Not Found: /
Not Found: /
Not Found: /favicon.ico
Not Found: /
Not Found: /
Bad Request: /profile/api-token-auth/
Bad Request: /profile/api-token-auth/
Not Found: /favicon.ico
Bad Request: /profile/api-token-auth/
Bad Request: /profile/api-token-auth/
2022-05-25 14:04:14.355252 [UID:1557][3064] Child process with pid: 3071 was killed by signal: 15, core dump: 0
Bad Request: /profile/sign-up/
Bad Request: /profile/sign-up/
Not Found: /
Not Found: /
Not Found: /
Not Found: /
Not Found: /
Not Found: /
Not Found: /
Not Found: /
Not Found: /
Not Found: /
Not Found: /
Not Found: /
Not Found: /
Not Found: /
Not Found: /
Not Found: /favicon.ico
Bad Request: /profile/sign-up/
Bad Request: /profile/sign-up/
Bad Request: /profile/sign-up/
